{"/usr/src/app/src/conf/databases.js": {"path":"/usr/src/app/src/conf/databases.js","statementMap":{"0":{"start":{"line":2,"column":13},"end":{"line":2,"column":35}},"1":{"start":{"line":3,"column":22},"end":{"line":3,"column":48}},"2":{"start":{"line":4,"column":13},"end":{"line":4,"column":23}},"3":{"start":{"line":6,"column":14},"end":{"line":11,"column":1}},"4":{"start":{"line":13,"column":14},"end":{"line":18,"column":1}},"5":{"start":{"line":20,"column":16},"end":{"line":25,"column":1}},"6":{"start":{"line":27,"column":16},"end":{"line":32,"column":1}},"7":{"start":{"line":34,"column":13},"end":{"line":39,"column":1}}},"fnMap":{},"branchMap":{},"s":{"0":1,"1":1,"2":1,"3":1,"4":1,"5":1,"6":1,"7":1},"f":{},"b":{},"_coverageSchema":"1a1c01bbd47fc00a2c39e90264f33305004495a9","hash":"9e809c35c84c08d88670b3eadf26b744f1b09b89"}
,"/usr/src/app/src/conf/jwt.js": {"path":"/usr/src/app/src/conf/jwt.js","statementMap":{"0":{"start":{"line":1,"column":27},"end":{"line":1,"column":65}},"1":{"start":{"line":2,"column":24},"end":{"line":2,"column":59}},"2":{"start":{"line":3,"column":24},"end":{"line":3,"column":59}},"3":{"start":{"line":4,"column":32},"end":{"line":4,"column":75}}},"fnMap":{},"branchMap":{},"s":{"0":1,"1":1,"2":1,"3":1},"f":{},"b":{},"_coverageSchema":"1a1c01bbd47fc00a2c39e90264f33305004495a9","hash":"57e70f449790fccd2624280f18fd78009791e68d"}
,"/usr/src/app/src/conf/keys.js": {"path":"/usr/src/app/src/conf/keys.js","statementMap":{"0":{"start":{"line":1,"column":24},"end":{"line":1,"column":64}},"1":{"start":{"line":2,"column":28},"end":{"line":2,"column":67}}},"fnMap":{},"branchMap":{},"s":{"0":1,"1":1},"f":{},"b":{},"_coverageSchema":"1a1c01bbd47fc00a2c39e90264f33305004495a9","hash":"b7158b19d05c2fd45438cad1e99d883ae8540ffd"}
,"/usr/src/app/src/lib/database.js": {"path":"/usr/src/app/src/lib/database.js","statementMap":{"0":{"start":{"line":6,"column":16},"end":{"line":6,"column":18}},"1":{"start":{"line":10,"column":8},"end":{"line":10,"column":36}},"2":{"start":{"line":11,"column":8},"end":{"line":11,"column":47}},"3":{"start":{"line":15,"column":8},"end":{"line":15,"column":23}},"4":{"start":{"line":16,"column":8},"end":{"line":16,"column":25}},"5":{"start":{"line":20,"column":8},"end":{"line":20,"column":92}},"6":{"start":{"line":21,"column":8},"end":{"line":21,"column":27}},"7":{"start":{"line":22,"column":8},"end":{"line":22,"column":89}},"8":{"start":{"line":26,"column":8},"end":{"line":63,"column":11}},"9":{"start":{"line":28,"column":12},"end":{"line":55,"column":13}},"10":{"start":{"line":30,"column":16},"end":{"line":49,"column":17}},"11":{"start":{"line":33,"column":24},"end":{"line":33,"column":88}},"12":{"start":{"line":34,"column":24},"end":{"line":34,"column":95}},"13":{"start":{"line":35,"column":24},"end":{"line":35,"column":30}},"14":{"start":{"line":37,"column":24},"end":{"line":37,"column":88}},"15":{"start":{"line":38,"column":24},"end":{"line":38,"column":97}},"16":{"start":{"line":39,"column":24},"end":{"line":39,"column":30}},"17":{"start":{"line":41,"column":24},"end":{"line":41,"column":88}},"18":{"start":{"line":42,"column":24},"end":{"line":42,"column":96}},"19":{"start":{"line":43,"column":24},"end":{"line":43,"column":30}},"20":{"start":{"line":45,"column":24},"end":{"line":45,"column":88}},"21":{"start":{"line":46,"column":24},"end":{"line":46,"column":51}},"22":{"start":{"line":47,"column":24},"end":{"line":47,"column":30}},"23":{"start":{"line":52,"column":16},"end":{"line":52,"column":45}},"24":{"start":{"line":53,"column":16},"end":{"line":53,"column":31}},"25":{"start":{"line":54,"column":16},"end":{"line":54,"column":24}},"26":{"start":{"line":57,"column":12},"end":{"line":61,"column":13}},"27":{"start":{"line":59,"column":16},"end":{"line":59,"column":31}},"28":{"start":{"line":60,"column":16},"end":{"line":60,"column":91}},"29":{"start":{"line":69,"column":8},"end":{"line":69,"column":58}},"30":{"start":{"line":76,"column":8},"end":{"line":76,"column":54}},"31":{"start":{"line":81,"column":8},"end":{"line":84,"column":9}},"32":{"start":{"line":82,"column":12},"end":{"line":82,"column":65}},"33":{"start":{"line":83,"column":12},"end":{"line":83,"column":54}},"34":{"start":{"line":85,"column":8},"end":{"line":85,"column":40}}},"fnMap":{"0":{"name":"(anonymous_0)","decl":{"start":{"line":9,"column":4},"end":{"line":9,"column":5}},"loc":{"start":{"line":9,"column":27},"end":{"line":12,"column":5}},"line":9},"1":{"name":"(anonymous_1)","decl":{"start":{"line":14,"column":4},"end":{"line":14,"column":5}},"loc":{"start":{"line":14,"column":22},"end":{"line":17,"column":5}},"line":14},"2":{"name":"(anonymous_2)","decl":{"start":{"line":19,"column":4},"end":{"line":19,"column":5}},"loc":{"start":{"line":19,"column":29},"end":{"line":23,"column":5}},"line":19},"3":{"name":"(anonymous_3)","decl":{"start":{"line":25,"column":4},"end":{"line":25,"column":5}},"loc":{"start":{"line":25,"column":21},"end":{"line":65,"column":5}},"line":25},"4":{"name":"(anonymous_4)","decl":{"start":{"line":26,"column":39},"end":{"line":26,"column":40}},"loc":{"start":{"line":26,"column":60},"end":{"line":63,"column":9}},"line":26},"5":{"name":"(anonymous_5)","decl":{"start":{"line":67,"column":4},"end":{"line":67,"column":5}},"loc":{"start":{"line":67,"column":17},"end":{"line":70,"column":5}},"line":67},"6":{"name":"(anonymous_6)","decl":{"start":{"line":75,"column":4},"end":{"line":75,"column":5}},"loc":{"start":{"line":75,"column":19},"end":{"line":77,"column":5}},"line":75},"7":{"name":"(anonymous_7)","decl":{"start":{"line":79,"column":4},"end":{"line":79,"column":5}},"loc":{"start":{"line":79,"column":31},"end":{"line":86,"column":5}},"line":79}},"branchMap":{"0":{"loc":{"start":{"line":28,"column":12},"end":{"line":55,"column":13}},"type":"if","locations":[{"start":{"line":28,"column":12},"end":{"line":55,"column":13}},{"start":{},"end":{}}],"line":28},"1":{"loc":{"start":{"line":30,"column":16},"end":{"line":49,"column":17}},"type":"switch","locations":[{"start":{"line":32,"column":20},"end":{"line":35,"column":30}},{"start":{"line":36,"column":20},"end":{"line":39,"column":30}},{"start":{"line":40,"column":20},"end":{"line":43,"column":30}},{"start":{"line":44,"column":20},"end":{"line":47,"column":30}}],"line":30},"2":{"loc":{"start":{"line":57,"column":12},"end":{"line":61,"column":13}},"type":"if","locations":[{"start":{"line":57,"column":12},"end":{"line":61,"column":13}},{"start":{},"end":{}}],"line":57},"3":{"loc":{"start":{"line":81,"column":8},"end":{"line":84,"column":9}},"type":"if","locations":[{"start":{"line":81,"column":8},"end":{"line":84,"column":9}},{"start":{},"end":{}}],"line":81}},"s":{"0":1,"1":2,"2":2,"3":2,"4":2,"5":0,"6":0,"7":0,"8":2,"9":2,"10":0,"11":0,"12":0,"13":0,"14":0,"15":0,"16":0,"17":0,"18":0,"19":0,"20":0,"21":0,"22":0,"23":0,"24":0,"25":0,"26":2,"27":2,"28":2,"29":2,"30":0,"31":3,"32":2,"33":2,"34":3},"f":{"0":2,"1":2,"2":0,"3":2,"4":2,"5":2,"6":0,"7":3},"b":{"0":[0,2],"1":[0,0,0,0],"2":[2,0],"3":[2,1]},"_coverageSchema":"1a1c01bbd47fc00a2c39e90264f33305004495a9","hash":"8fae3785ec98b38853222405e55f76da257f5272"}
,"/usr/src/app/src/lib/encrypt.js": {"path":"/usr/src/app/src/lib/encrypt.js","statementMap":{"0":{"start":{"line":7,"column":8},"end":{"line":7,"column":59}},"1":{"start":{"line":11,"column":8},"end":{"line":11,"column":42}},"2":{"start":{"line":15,"column":8},"end":{"line":15,"column":55}},"3":{"start":{"line":23,"column":8},"end":{"line":23,"column":60}},"4":{"start":{"line":27,"column":8},"end":{"line":27,"column":94}},"5":{"start":{"line":27,"column":40},"end":{"line":27,"column":94}},"6":{"start":{"line":28,"column":8},"end":{"line":28,"column":39}}},"fnMap":{"0":{"name":"(anonymous_0)","decl":{"start":{"line":6,"column":4},"end":{"line":6,"column":5}},"loc":{"start":{"line":6,"column":36},"end":{"line":8,"column":5}},"line":6},"1":{"name":"(anonymous_1)","decl":{"start":{"line":10,"column":4},"end":{"line":10,"column":5}},"loc":{"start":{"line":10,"column":22},"end":{"line":12,"column":5}},"line":10},"2":{"name":"(anonymous_2)","decl":{"start":{"line":14,"column":4},"end":{"line":14,"column":5}},"loc":{"start":{"line":14,"column":33},"end":{"line":16,"column":5}},"line":14},"3":{"name":"(anonymous_3)","decl":{"start":{"line":22,"column":4},"end":{"line":22,"column":5}},"loc":{"start":{"line":22,"column":19},"end":{"line":24,"column":5}},"line":22},"4":{"name":"(anonymous_4)","decl":{"start":{"line":26,"column":4},"end":{"line":26,"column":5}},"loc":{"start":{"line":26,"column":26},"end":{"line":29,"column":5}},"line":26}},"branchMap":{"0":{"loc":{"start":{"line":27,"column":8},"end":{"line":27,"column":94}},"type":"if","locations":[{"start":{"line":27,"column":8},"end":{"line":27,"column":94}},{"start":{},"end":{}}],"line":27}},"s":{"0":1,"1":0,"2":2,"3":0,"4":1,"5":1,"6":1},"f":{"0":1,"1":0,"2":2,"3":0,"4":1},"b":{"0":[1,0]},"_coverageSchema":"1a1c01bbd47fc00a2c39e90264f33305004495a9","hash":"8841c02a3b6d7d2f330bb06503d0fdd77eade15e"}
,"/usr/src/app/src/lib/httpCodes.js": {"path":"/usr/src/app/src/lib/httpCodes.js","statementMap":{"0":{"start":{"line":1,"column":16},"end":{"line":1,"column":19}},"1":{"start":{"line":2,"column":20},"end":{"line":2,"column":23}},"2":{"start":{"line":3,"column":21},"end":{"line":3,"column":24}},"3":{"start":{"line":4,"column":18},"end":{"line":4,"column":21}},"4":{"start":{"line":5,"column":23},"end":{"line":5,"column":26}}},"fnMap":{},"branchMap":{},"s":{"0":1,"1":1,"2":1,"3":1,"4":1},"f":{},"b":{},"_coverageSchema":"1a1c01bbd47fc00a2c39e90264f33305004495a9","hash":"c2f604e35ac58ec40a10bed82db27503e9454abf"}
,"/usr/src/app/src/lib/mapper.js": {"path":"/usr/src/app/src/lib/mapper.js","statementMap":{"0":{"start":{"line":6,"column":8},"end":{"line":6,"column":17}},"1":{"start":{"line":12,"column":8},"end":{"line":12,"column":43}},"2":{"start":{"line":15,"column":18},"end":{"line":15,"column":31}},"3":{"start":{"line":17,"column":8},"end":{"line":31,"column":9}},"4":{"start":{"line":20,"column":12},"end":{"line":20,"column":42}},"5":{"start":{"line":23,"column":12},"end":{"line":23,"column":43}},"6":{"start":{"line":28,"column":12},"end":{"line":28,"column":33}},"7":{"start":{"line":29,"column":12},"end":{"line":29,"column":22}}},"fnMap":{"0":{"name":"(anonymous_0)","decl":{"start":{"line":5,"column":4},"end":{"line":5,"column":5}},"loc":{"start":{"line":5,"column":19},"end":{"line":7,"column":5}},"line":5},"1":{"name":"(anonymous_1)","decl":{"start":{"line":9,"column":4},"end":{"line":9,"column":5}},"loc":{"start":{"line":9,"column":31},"end":{"line":34,"column":5}},"line":9}},"branchMap":{},"s":{"0":5,"1":6,"2":6,"3":6,"4":6,"5":5,"6":1,"7":1},"f":{"0":5,"1":6},"b":{},"_coverageSchema":"1a1c01bbd47fc00a2c39e90264f33305004495a9","hash":"6b65e744770463a987b07cd37ee80cc3e83c9d80"}
,"/usr/src/app/src/lib/sleep.js": {"path":"/usr/src/app/src/lib/sleep.js","statementMap":{"0":{"start":{"line":2,"column":4},"end":{"line":4,"column":7}},"1":{"start":{"line":3,"column":8},"end":{"line":3,"column":32}}},"fnMap":{"0":{"name":"sleep","decl":{"start":{"line":1,"column":24},"end":{"line":1,"column":29}},"loc":{"start":{"line":1,"column":35},"end":{"line":5,"column":1}},"line":1},"1":{"name":"(anonymous_1)","decl":{"start":{"line":2,"column":23},"end":{"line":2,"column":24}},"loc":{"start":{"line":2,"column":36},"end":{"line":4,"column":5}},"line":2}},"branchMap":{},"s":{"0":0,"1":0},"f":{"0":0,"1":0},"b":{},"_coverageSchema":"1a1c01bbd47fc00a2c39e90264f33305004495a9","hash":"589b979581d694c4a630838181c68a4090143481"}
,"/usr/src/app/src/lib/validator.js": {"path":"/usr/src/app/src/lib/validator.js","statementMap":{"0":{"start":{"line":1,"column":23},"end":{"line":5,"column":1}},"1":{"start":{"line":3,"column":4},"end":{"line":3,"column":114}},"2":{"start":{"line":3,"column":72},"end":{"line":3,"column":114}},"3":{"start":{"line":7,"column":25},"end":{"line":11,"column":1}},"4":{"start":{"line":8,"column":4},"end":{"line":9,"column":115}},"5":{"start":{"line":8,"column":25},"end":{"line":8,"column":66}},"6":{"start":{"line":9,"column":9},"end":{"line":9,"column":115}},"7":{"start":{"line":9,"column":74},"end":{"line":9,"column":115}},"8":{"start":{"line":10,"column":4},"end":{"line":10,"column":26}},"9":{"start":{"line":13,"column":24},"end":{"line":18,"column":1}},"10":{"start":{"line":15,"column":4},"end":{"line":16,"column":74}},"11":{"start":{"line":15,"column":34},"end":{"line":15,"column":106}},"12":{"start":{"line":16,"column":9},"end":{"line":16,"column":74}},"13":{"start":{"line":16,"column":28},"end":{"line":16,"column":74}},"14":{"start":{"line":17,"column":4},"end":{"line":17,"column":22}},"15":{"start":{"line":20,"column":26},"end":{"line":24,"column":1}},"16":{"start":{"line":22,"column":4},"end":{"line":22,"column":94}},"17":{"start":{"line":22,"column":31},"end":{"line":22,"column":94}},"18":{"start":{"line":26,"column":24},"end":{"line":30,"column":1}},"19":{"start":{"line":28,"column":4},"end":{"line":28,"column":110}},"20":{"start":{"line":28,"column":30},"end":{"line":28,"column":110}},"21":{"start":{"line":32,"column":26},"end":{"line":36,"column":1}},"22":{"start":{"line":33,"column":14},"end":{"line":33,"column":40}},"23":{"start":{"line":34,"column":4},"end":{"line":34,"column":73}},"24":{"start":{"line":34,"column":27},"end":{"line":34,"column":73}},"25":{"start":{"line":35,"column":4},"end":{"line":35,"column":22}},"26":{"start":{"line":38,"column":22},"end":{"line":43,"column":1}},"27":{"start":{"line":40,"column":18},"end":{"line":40,"column":41}},"28":{"start":{"line":41,"column":4},"end":{"line":41,"column":81}},"29":{"start":{"line":41,"column":35},"end":{"line":41,"column":81}},"30":{"start":{"line":42,"column":4},"end":{"line":42,"column":26}},"31":{"start":{"line":45,"column":27},"end":{"line":51,"column":1}},"32":{"start":{"line":46,"column":22},"end":{"line":46,"column":44}},"33":{"start":{"line":47,"column":17},"end":{"line":47,"column":36}},"34":{"start":{"line":48,"column":22},"end":{"line":48,"column":36}},"35":{"start":{"line":50,"column":4},"end":{"line":50,"column":102}},"36":{"start":{"line":50,"column":67},"end":{"line":50,"column":102}},"37":{"start":{"line":53,"column":21},"end":{"line":86,"column":1}},"38":{"start":{"line":56,"column":20},"end":{"line":56,"column":36}},"39":{"start":{"line":57,"column":20},"end":{"line":57,"column":36}},"40":{"start":{"line":60,"column":20},"end":{"line":60,"column":22}},"41":{"start":{"line":60,"column":32},"end":{"line":60,"column":34}},"42":{"start":{"line":63,"column":4},"end":{"line":67,"column":7}},"43":{"start":{"line":64,"column":8},"end":{"line":66,"column":27}},"44":{"start":{"line":64,"column":42},"end":{"line":64,"column":60}},"45":{"start":{"line":65,"column":13},"end":{"line":66,"column":27}},"46":{"start":{"line":65,"column":50},"end":{"line":65,"column":68}},"47":{"start":{"line":66,"column":13},"end":{"line":66,"column":27}},"48":{"start":{"line":70,"column":4},"end":{"line":85,"column":5}},"49":{"start":{"line":71,"column":8},"end":{"line":74,"column":10}},"50":{"start":{"line":75,"column":11},"end":{"line":85,"column":5}},"51":{"start":{"line":76,"column":8},"end":{"line":79,"column":10}},"52":{"start":{"line":80,"column":11},"end":{"line":85,"column":5}},"53":{"start":{"line":81,"column":8},"end":{"line":84,"column":10}}},"fnMap":{"0":{"name":"(anonymous_0)","decl":{"start":{"line":1,"column":23},"end":{"line":1,"column":24}},"loc":{"start":{"line":1,"column":36},"end":{"line":5,"column":1}},"line":1},"1":{"name":"(anonymous_1)","decl":{"start":{"line":7,"column":25},"end":{"line":7,"column":26}},"loc":{"start":{"line":7,"column":39},"end":{"line":11,"column":1}},"line":7},"2":{"name":"(anonymous_2)","decl":{"start":{"line":13,"column":24},"end":{"line":13,"column":25}},"loc":{"start":{"line":13,"column":44},"end":{"line":18,"column":1}},"line":13},"3":{"name":"(anonymous_3)","decl":{"start":{"line":20,"column":26},"end":{"line":20,"column":27}},"loc":{"start":{"line":20,"column":42},"end":{"line":24,"column":1}},"line":20},"4":{"name":"(anonymous_4)","decl":{"start":{"line":26,"column":24},"end":{"line":26,"column":25}},"loc":{"start":{"line":26,"column":38},"end":{"line":30,"column":1}},"line":26},"5":{"name":"(anonymous_5)","decl":{"start":{"line":32,"column":26},"end":{"line":32,"column":27}},"loc":{"start":{"line":32,"column":39},"end":{"line":36,"column":1}},"line":32},"6":{"name":"(anonymous_6)","decl":{"start":{"line":38,"column":22},"end":{"line":38,"column":23}},"loc":{"start":{"line":38,"column":31},"end":{"line":43,"column":1}},"line":38},"7":{"name":"(anonymous_7)","decl":{"start":{"line":45,"column":27},"end":{"line":45,"column":28}},"loc":{"start":{"line":45,"column":36},"end":{"line":51,"column":1}},"line":45},"8":{"name":"(anonymous_8)","decl":{"start":{"line":53,"column":21},"end":{"line":53,"column":22}},"loc":{"start":{"line":53,"column":37},"end":{"line":86,"column":1}},"line":53},"9":{"name":"(anonymous_9)","decl":{"start":{"line":63,"column":21},"end":{"line":63,"column":22}},"loc":{"start":{"line":63,"column":26},"end":{"line":67,"column":5}},"line":63}},"branchMap":{"0":{"loc":{"start":{"line":3,"column":4},"end":{"line":3,"column":114}},"type":"if","locations":[{"start":{"line":3,"column":4},"end":{"line":3,"column":114}},{"start":{},"end":{}}],"line":3},"1":{"loc":{"start":{"line":8,"column":4},"end":{"line":9,"column":115}},"type":"if","locations":[{"start":{"line":8,"column":4},"end":{"line":9,"column":115}},{"start":{"line":9,"column":9},"end":{"line":9,"column":115}}],"line":8},"2":{"loc":{"start":{"line":9,"column":9},"end":{"line":9,"column":115}},"type":"if","locations":[{"start":{"line":9,"column":9},"end":{"line":9,"column":115}},{"start":{},"end":{}}],"line":9},"3":{"loc":{"start":{"line":9,"column":14},"end":{"line":9,"column":71}},"type":"binary-expr","locations":[{"start":{"line":9,"column":14},"end":{"line":9,"column":39}},{"start":{"line":9,"column":43},"end":{"line":9,"column":71}}],"line":9},"4":{"loc":{"start":{"line":13,"column":31},"end":{"line":13,"column":38}},"type":"default-arg","locations":[{"start":{"line":13,"column":36},"end":{"line":13,"column":38}}],"line":13},"5":{"loc":{"start":{"line":15,"column":4},"end":{"line":16,"column":74}},"type":"if","locations":[{"start":{"line":15,"column":4},"end":{"line":16,"column":74}},{"start":{"line":16,"column":9},"end":{"line":16,"column":74}}],"line":15},"6":{"loc":{"start":{"line":16,"column":9},"end":{"line":16,"column":74}},"type":"if","locations":[{"start":{"line":16,"column":9},"end":{"line":16,"column":74}},{"start":{},"end":{}}],"line":16},"7":{"loc":{"start":{"line":22,"column":4},"end":{"line":22,"column":94}},"type":"if","locations":[{"start":{"line":22,"column":4},"end":{"line":22,"column":94}},{"start":{},"end":{}}],"line":22},"8":{"loc":{"start":{"line":28,"column":4},"end":{"line":28,"column":110}},"type":"if","locations":[{"start":{"line":28,"column":4},"end":{"line":28,"column":110}},{"start":{},"end":{}}],"line":28},"9":{"loc":{"start":{"line":34,"column":4},"end":{"line":34,"column":73}},"type":"if","locations":[{"start":{"line":34,"column":4},"end":{"line":34,"column":73}},{"start":{},"end":{}}],"line":34},"10":{"loc":{"start":{"line":41,"column":4},"end":{"line":41,"column":81}},"type":"if","locations":[{"start":{"line":41,"column":4},"end":{"line":41,"column":81}},{"start":{},"end":{}}],"line":41},"11":{"loc":{"start":{"line":50,"column":4},"end":{"line":50,"column":102}},"type":"if","locations":[{"start":{"line":50,"column":4},"end":{"line":50,"column":102}},{"start":{},"end":{}}],"line":50},"12":{"loc":{"start":{"line":50,"column":9},"end":{"line":50,"column":65}},"type":"binary-expr","locations":[{"start":{"line":50,"column":9},"end":{"line":50,"column":38}},{"start":{"line":50,"column":42},"end":{"line":50,"column":65}}],"line":50},"13":{"loc":{"start":{"line":64,"column":8},"end":{"line":66,"column":27}},"type":"if","locations":[{"start":{"line":64,"column":8},"end":{"line":66,"column":27}},{"start":{"line":65,"column":13},"end":{"line":66,"column":27}}],"line":64},"14":{"loc":{"start":{"line":65,"column":13},"end":{"line":66,"column":27}},"type":"if","locations":[{"start":{"line":65,"column":13},"end":{"line":66,"column":27}},{"start":{"line":66,"column":13},"end":{"line":66,"column":27}}],"line":65},"15":{"loc":{"start":{"line":70,"column":4},"end":{"line":85,"column":5}},"type":"if","locations":[{"start":{"line":70,"column":4},"end":{"line":85,"column":5}},{"start":{"line":75,"column":11},"end":{"line":85,"column":5}}],"line":70},"16":{"loc":{"start":{"line":70,"column":9},"end":{"line":70,"column":64}},"type":"binary-expr","locations":[{"start":{"line":70,"column":9},"end":{"line":70,"column":39}},{"start":{"line":70,"column":43},"end":{"line":70,"column":64}}],"line":70},"17":{"loc":{"start":{"line":75,"column":11},"end":{"line":85,"column":5}},"type":"if","locations":[{"start":{"line":75,"column":11},"end":{"line":85,"column":5}},{"start":{"line":80,"column":11},"end":{"line":85,"column":5}}],"line":75},"18":{"loc":{"start":{"line":75,"column":16},"end":{"line":75,"column":71}},"type":"binary-expr","locations":[{"start":{"line":75,"column":16},"end":{"line":75,"column":46}},{"start":{"line":75,"column":50},"end":{"line":75,"column":71}}],"line":75},"19":{"loc":{"start":{"line":80,"column":11},"end":{"line":85,"column":5}},"type":"if","locations":[{"start":{"line":80,"column":11},"end":{"line":85,"column":5}},{"start":{},"end":{}}],"line":80}},"s":{"0":1,"1":8,"2":1,"3":1,"4":7,"5":2,"6":5,"7":0,"8":5,"9":1,"10":0,"11":0,"12":0,"13":0,"14":0,"15":1,"16":7,"17":1,"18":1,"19":0,"20":0,"21":1,"22":0,"23":0,"24":0,"25":0,"26":1,"27":0,"28":0,"29":0,"30":0,"31":1,"32":0,"33":0,"34":0,"35":0,"36":0,"37":1,"38":23,"39":23,"40":23,"41":23,"42":23,"43":49,"44":1,"45":48,"46":1,"47":47,"48":23,"49":1,"50":22,"51":1,"52":21,"53":2},"f":{"0":8,"1":7,"2":0,"3":7,"4":0,"5":0,"6":0,"7":0,"8":23,"9":49},"b":{"0":[1,7],"1":[2,5],"2":[0,5],"3":[5,2],"4":[0],"5":[0,0],"6":[0,0],"7":[1,6],"8":[0,0],"9":[0,0],"10":[0,0],"11":[0,0],"12":[0,0],"13":[1,48],"14":[1,47],"15":[1,22],"16":[23,20],"17":[1,21],"18":[22,3],"19":[2,19]},"_coverageSchema":"1a1c01bbd47fc00a2c39e90264f33305004495a9","hash":"f4bd3ca37b8f787ce49274354b4c2853fef3ddb3"}
,"/usr/src/app/src/models/controller.js": {"path":"/usr/src/app/src/models/controller.js","statementMap":{"0":{"start":{"line":6,"column":8},"end":{"line":6,"column":31}},"1":{"start":{"line":7,"column":8},"end":{"line":7,"column":35}},"2":{"start":{"line":8,"column":8},"end":{"line":8,"column":95}}},"fnMap":{"0":{"name":"(anonymous_0)","decl":{"start":{"line":5,"column":4},"end":{"line":5,"column":5}},"loc":{"start":{"line":5,"column":40},"end":{"line":9,"column":5}},"line":5}},"branchMap":{},"s":{"0":2,"1":2,"2":2},"f":{"0":2},"b":{},"_coverageSchema":"1a1c01bbd47fc00a2c39e90264f33305004495a9","hash":"443f94f9eae2872d4879e810b49a1afe3a2a34a2"}
,"/usr/src/app/src/models/repository.js": {"path":"/usr/src/app/src/models/repository.js","statementMap":{"0":{"start":{"line":6,"column":8},"end":{"line":6,"column":55}},"1":{"start":{"line":7,"column":8},"end":{"line":7,"column":39}},"2":{"start":{"line":8,"column":8},"end":{"line":8,"column":96}}},"fnMap":{"0":{"name":"(anonymous_0)","decl":{"start":{"line":5,"column":4},"end":{"line":5,"column":5}},"loc":{"start":{"line":5,"column":39},"end":{"line":9,"column":5}},"line":5}},"branchMap":{},"s":{"0":3,"1":3,"2":3},"f":{"0":3},"b":{},"_coverageSchema":"1a1c01bbd47fc00a2c39e90264f33305004495a9","hash":"8d20dbe899db8c2ca7b747414fd2f49360a9e619"}
,"/usr/src/app/src/models/request.js": {"path":"/usr/src/app/src/models/request.js","statementMap":{"0":{"start":{"line":4,"column":8},"end":{"line":4,"column":23}},"1":{"start":{"line":5,"column":8},"end":{"line":5,"column":30}},"2":{"start":{"line":9,"column":8},"end":{"line":9,"column":25}},"3":{"start":{"line":13,"column":8},"end":{"line":13,"column":25}}},"fnMap":{"0":{"name":"(anonymous_0)","decl":{"start":{"line":3,"column":4},"end":{"line":3,"column":5}},"loc":{"start":{"line":3,"column":18},"end":{"line":6,"column":5}},"line":3},"1":{"name":"(anonymous_1)","decl":{"start":{"line":8,"column":4},"end":{"line":8,"column":5}},"loc":{"start":{"line":8,"column":16},"end":{"line":10,"column":5}},"line":8},"2":{"name":"(anonymous_2)","decl":{"start":{"line":12,"column":4},"end":{"line":12,"column":5}},"loc":{"start":{"line":12,"column":16},"end":{"line":14,"column":5}},"line":12}},"branchMap":{},"s":{"0":19,"1":19,"2":18,"3":0},"f":{"0":19,"1":18,"2":0},"b":{},"_coverageSchema":"1a1c01bbd47fc00a2c39e90264f33305004495a9","hash":"0e16e3ab8a383b6b759e277dd88443b886eab185"}
,"/usr/src/app/src/models/service.js": {"path":"/usr/src/app/src/models/service.js","statementMap":{"0":{"start":{"line":6,"column":8},"end":{"line":6,"column":37}},"1":{"start":{"line":7,"column":8},"end":{"line":7,"column":35}},"2":{"start":{"line":8,"column":8},"end":{"line":8,"column":35}},"3":{"start":{"line":9,"column":8},"end":{"line":9,"column":93}}},"fnMap":{"0":{"name":"(anonymous_0)","decl":{"start":{"line":5,"column":4},"end":{"line":5,"column":5}},"loc":{"start":{"line":5,"column":56},"end":{"line":10,"column":5}},"line":5}},"branchMap":{},"s":{"0":3,"1":3,"2":3,"3":3},"f":{"0":3},"b":{},"_coverageSchema":"1a1c01bbd47fc00a2c39e90264f33305004495a9","hash":"c8f204f4f5dca001846d19d61819db59d8059845"}
,"/usr/src/app/src/modules/auth/controller/auth.js": {"path":"/usr/src/app/src/modules/auth/controller/auth.js","statementMap":{"0":{"start":{"line":21,"column":8},"end":{"line":21,"column":49}},"1":{"start":{"line":25,"column":8},"end":{"line":49,"column":9}},"2":{"start":{"line":28,"column":23},"end":{"line":28,"column":31}},"3":{"start":{"line":31,"column":12},"end":{"line":43,"column":13}},"4":{"start":{"line":33,"column":16},"end":{"line":33,"column":56}},"5":{"start":{"line":34,"column":16},"end":{"line":34,"column":45}},"6":{"start":{"line":35,"column":16},"end":{"line":35,"column":51}},"7":{"start":{"line":38,"column":16},"end":{"line":38,"column":32}},"8":{"start":{"line":39,"column":16},"end":{"line":39,"column":45}},"9":{"start":{"line":40,"column":16},"end":{"line":40,"column":96}},"10":{"start":{"line":41,"column":16},"end":{"line":41,"column":24}},"11":{"start":{"line":46,"column":27},"end":{"line":46,"column":83}},"12":{"start":{"line":48,"column":12},"end":{"line":48,"column":31}},"13":{"start":{"line":56,"column":8},"end":{"line":80,"column":9}},"14":{"start":{"line":59,"column":23},"end":{"line":59,"column":31}},"15":{"start":{"line":62,"column":12},"end":{"line":73,"column":13}},"16":{"start":{"line":64,"column":16},"end":{"line":64,"column":67}},"17":{"start":{"line":65,"column":16},"end":{"line":65,"column":54}},"18":{"start":{"line":69,"column":16},"end":{"line":69,"column":45}},"19":{"start":{"line":70,"column":16},"end":{"line":70,"column":50}},"20":{"start":{"line":71,"column":16},"end":{"line":71,"column":24}},"21":{"start":{"line":76,"column":27},"end":{"line":76,"column":73}},"22":{"start":{"line":78,"column":12},"end":{"line":78,"column":33}},"23":{"start":{"line":85,"column":8},"end":{"line":125,"column":9}},"24":{"start":{"line":88,"column":23},"end":{"line":91,"column":13}},"25":{"start":{"line":93,"column":28},"end":{"line":93,"column":41}},"26":{"start":{"line":96,"column":12},"end":{"line":117,"column":13}},"27":{"start":{"line":97,"column":16},"end":{"line":97,"column":56}},"28":{"start":{"line":98,"column":16},"end":{"line":98,"column":61}},"29":{"start":{"line":99,"column":16},"end":{"line":99,"column":83}},"30":{"start":{"line":99,"column":50},"end":{"line":99,"column":83}},"31":{"start":{"line":102,"column":16},"end":{"line":115,"column":17}},"32":{"start":{"line":104,"column":24},"end":{"line":104,"column":54}},"33":{"start":{"line":105,"column":24},"end":{"line":105,"column":77}},"34":{"start":{"line":106,"column":24},"end":{"line":106,"column":32}},"35":{"start":{"line":108,"column":24},"end":{"line":108,"column":53}},"36":{"start":{"line":109,"column":24},"end":{"line":109,"column":98}},"37":{"start":{"line":110,"column":24},"end":{"line":110,"column":32}},"38":{"start":{"line":112,"column":24},"end":{"line":112,"column":56}},"39":{"start":{"line":113,"column":24},"end":{"line":113,"column":59}},"40":{"start":{"line":114,"column":24},"end":{"line":114,"column":32}},"41":{"start":{"line":120,"column":27},"end":{"line":120,"column":77}},"42":{"start":{"line":121,"column":12},"end":{"line":121,"column":58}},"43":{"start":{"line":123,"column":12},"end":{"line":123,"column":33}},"44":{"start":{"line":131,"column":23},"end":{"line":131,"column":43}}},"fnMap":{"0":{"name":"(anonymous_0)","decl":{"start":{"line":20,"column":4},"end":{"line":20,"column":5}},"loc":{"start":{"line":20,"column":19},"end":{"line":22,"column":5}},"line":20},"1":{"name":"(anonymous_1)","decl":{"start":{"line":24,"column":4},"end":{"line":24,"column":5}},"loc":{"start":{"line":24,"column":13},"end":{"line":51,"column":5}},"line":24},"2":{"name":"(anonymous_2)","decl":{"start":{"line":25,"column":15},"end":{"line":25,"column":16}},"loc":{"start":{"line":25,"column":37},"end":{"line":49,"column":9}},"line":25},"3":{"name":"(anonymous_3)","decl":{"start":{"line":54,"column":4},"end":{"line":54,"column":5}},"loc":{"start":{"line":54,"column":22},"end":{"line":81,"column":5}},"line":54},"4":{"name":"(anonymous_4)","decl":{"start":{"line":56,"column":15},"end":{"line":56,"column":16}},"loc":{"start":{"line":56,"column":37},"end":{"line":80,"column":9}},"line":56},"5":{"name":"(anonymous_5)","decl":{"start":{"line":83,"column":4},"end":{"line":83,"column":5}},"loc":{"start":{"line":83,"column":14},"end":{"line":127,"column":5}},"line":83},"6":{"name":"(anonymous_6)","decl":{"start":{"line":85,"column":15},"end":{"line":85,"column":16}},"loc":{"start":{"line":85,"column":35},"end":{"line":125,"column":9}},"line":85}},"branchMap":{"0":{"loc":{"start":{"line":40,"column":25},"end":{"line":40,"column":94}},"type":"cond-expr","locations":[{"start":{"line":40,"column":49},"end":{"line":40,"column":69}},{"start":{"line":40,"column":72},"end":{"line":40,"column":94}}],"line":40},"1":{"loc":{"start":{"line":99,"column":16},"end":{"line":99,"column":83}},"type":"if","locations":[{"start":{"line":99,"column":16},"end":{"line":99,"column":83}},{"start":{},"end":{}}],"line":99},"2":{"loc":{"start":{"line":102,"column":16},"end":{"line":115,"column":17}},"type":"switch","locations":[{"start":{"line":103,"column":20},"end":{"line":106,"column":32}},{"start":{"line":107,"column":20},"end":{"line":110,"column":32}},{"start":{"line":111,"column":20},"end":{"line":114,"column":32}}],"line":102}},"s":{"0":1,"1":7,"2":7,"3":7,"4":7,"5":5,"6":4,"7":4,"8":4,"9":4,"10":4,"11":3,"12":3,"13":4,"14":4,"15":4,"16":4,"17":3,"18":2,"19":2,"20":2,"21":2,"22":2,"23":4,"24":4,"25":4,"26":4,"27":4,"28":3,"29":3,"30":1,"31":3,"32":1,"33":1,"34":1,"35":1,"36":1,"37":1,"38":1,"39":1,"40":1,"41":1,"42":1,"43":1,"44":1},"f":{"0":1,"1":7,"2":7,"3":4,"4":4,"5":4,"6":4},"b":{"0":[2,2],"1":[1,1],"2":[1,1,1]},"_coverageSchema":"1a1c01bbd47fc00a2c39e90264f33305004495a9","hash":"543e837a6ac1b7ad8a7a2114e8462a7e3cddd9fb"}
,"/usr/src/app/src/modules/auth/models/dto.in.js": {"path":"/usr/src/app/src/modules/auth/models/dto.in.js","statementMap":{"0":{"start":{"line":1,"column":33},"end":{"line":4,"column":1}},"1":{"start":{"line":6,"column":44},"end":{"line":9,"column":1}},"2":{"start":{"line":11,"column":33},"end":{"line":15,"column":1}},"3":{"start":{"line":17,"column":40},"end":{"line":20,"column":1}}},"fnMap":{},"branchMap":{},"s":{"0":1,"1":1,"2":1,"3":1},"f":{},"b":{},"_coverageSchema":"1a1c01bbd47fc00a2c39e90264f33305004495a9","hash":"df0edfe93e4388e4270ad85c5c26d72c49f085e2"}
,"/usr/src/app/src/modules/auth/models/dto.out.js": {"path":"/usr/src/app/src/modules/auth/models/dto.out.js","statementMap":{"0":{"start":{"line":1,"column":42},"end":{"line":5,"column":1}},"1":{"start":{"line":7,"column":37},"end":{"line":10,"column":1}}},"fnMap":{},"branchMap":{},"s":{"0":1,"1":1},"f":{},"b":{},"_coverageSchema":"1a1c01bbd47fc00a2c39e90264f33305004495a9","hash":"f6ed95a91327bccd49906996e1806215778b28bc"}
,"/usr/src/app/src/modules/auth/repository/auth.js": {"path":"/usr/src/app/src/modules/auth/repository/auth.js","statementMap":{"0":{"start":{"line":7,"column":8},"end":{"line":7,"column":36}},"1":{"start":{"line":11,"column":20},"end":{"line":15,"column":10}},"2":{"start":{"line":16,"column":8},"end":{"line":16,"column":19}},"3":{"start":{"line":20,"column":20},"end":{"line":25,"column":10}},"4":{"start":{"line":26,"column":8},"end":{"line":26,"column":19}},"5":{"start":{"line":30,"column":20},"end":{"line":33,"column":10}},"6":{"start":{"line":34,"column":8},"end":{"line":34,"column":19}}},"fnMap":{"0":{"name":"(anonymous_0)","decl":{"start":{"line":6,"column":4},"end":{"line":6,"column":5}},"loc":{"start":{"line":6,"column":19},"end":{"line":8,"column":5}},"line":6},"1":{"name":"(anonymous_1)","decl":{"start":{"line":10,"column":4},"end":{"line":10,"column":5}},"loc":{"start":{"line":10,"column":33},"end":{"line":17,"column":5}},"line":10},"2":{"name":"(anonymous_2)","decl":{"start":{"line":19,"column":4},"end":{"line":19,"column":5}},"loc":{"start":{"line":19,"column":28},"end":{"line":27,"column":5}},"line":19},"3":{"name":"(anonymous_3)","decl":{"start":{"line":29,"column":4},"end":{"line":29,"column":5}},"loc":{"start":{"line":29,"column":31},"end":{"line":35,"column":5}},"line":29}},"branchMap":{},"s":{"0":2,"1":1,"2":1,"3":2,"4":2,"5":1,"6":1},"f":{"0":2,"1":1,"2":2,"3":1},"b":{},"_coverageSchema":"1a1c01bbd47fc00a2c39e90264f33305004495a9","hash":"428290606245530302f055fbd3bac7614fcbaa0f"}
,"/usr/src/app/src/modules/auth/services/auth.js": {"path":"/usr/src/app/src/modules/auth/services/auth.js","statementMap":{"0":{"start":{"line":21,"column":8},"end":{"line":28,"column":11}},"1":{"start":{"line":29,"column":8},"end":{"line":29,"column":37}},"2":{"start":{"line":30,"column":8},"end":{"line":30,"column":31}},"3":{"start":{"line":34,"column":8},"end":{"line":39,"column":15}},"4":{"start":{"line":43,"column":8},"end":{"line":43,"column":47}},"5":{"start":{"line":49,"column":20},"end":{"line":49,"column":49}},"6":{"start":{"line":50,"column":22},"end":{"line":50,"column":33}},"7":{"start":{"line":53,"column":21},"end":{"line":53,"column":37}},"8":{"start":{"line":55,"column":8},"end":{"line":55,"column":93}},"9":{"start":{"line":59,"column":8},"end":{"line":59,"column":84}},"10":{"start":{"line":65,"column":8},"end":{"line":65,"column":78}},"11":{"start":{"line":68,"column":8},"end":{"line":68,"column":45}},"12":{"start":{"line":69,"column":8},"end":{"line":71,"column":9}},"13":{"start":{"line":70,"column":12},"end":{"line":70,"column":77}},"14":{"start":{"line":73,"column":8},"end":{"line":73,"column":29}},"15":{"start":{"line":79,"column":20},"end":{"line":79,"column":49}},"16":{"start":{"line":80,"column":22},"end":{"line":80,"column":49}},"17":{"start":{"line":83,"column":21},"end":{"line":83,"column":37}},"18":{"start":{"line":86,"column":19},"end":{"line":86,"column":29}},"19":{"start":{"line":87,"column":8},"end":{"line":87,"column":61}},"20":{"start":{"line":89,"column":8},"end":{"line":110,"column":9}},"21":{"start":{"line":91,"column":12},"end":{"line":96,"column":16}},"22":{"start":{"line":92,"column":16},"end":{"line":92,"column":36}},"23":{"start":{"line":93,"column":16},"end":{"line":93,"column":34}},"24":{"start":{"line":94,"column":16},"end":{"line":94,"column":34}},"25":{"start":{"line":95,"column":16},"end":{"line":95,"column":27}},"26":{"start":{"line":99,"column":27},"end":{"line":99,"column":88}},"27":{"start":{"line":102,"column":12},"end":{"line":104,"column":13}},"28":{"start":{"line":103,"column":16},"end":{"line":103,"column":48}},"29":{"start":{"line":106,"column":12},"end":{"line":106,"column":97}},"30":{"start":{"line":109,"column":12},"end":{"line":109,"column":29}},"31":{"start":{"line":116,"column":18},"end":{"line":116,"column":52}},"32":{"start":{"line":117,"column":8},"end":{"line":117,"column":33}},"33":{"start":{"line":119,"column":8},"end":{"line":160,"column":9}},"34":{"start":{"line":122,"column":12},"end":{"line":126,"column":15}},"35":{"start":{"line":123,"column":16},"end":{"line":123,"column":34}},"36":{"start":{"line":124,"column":16},"end":{"line":124,"column":38}},"37":{"start":{"line":125,"column":16},"end":{"line":125,"column":27}},"38":{"start":{"line":129,"column":27},"end":{"line":129,"column":81}},"39":{"start":{"line":131,"column":12},"end":{"line":154,"column":13}},"40":{"start":{"line":134,"column":16},"end":{"line":141,"column":20}},"41":{"start":{"line":135,"column":20},"end":{"line":135,"column":38}},"42":{"start":{"line":136,"column":20},"end":{"line":136,"column":44}},"43":{"start":{"line":138,"column":20},"end":{"line":138,"column":36}},"44":{"start":{"line":139,"column":20},"end":{"line":139,"column":40}},"45":{"start":{"line":140,"column":20},"end":{"line":140,"column":31}},"46":{"start":{"line":144,"column":16},"end":{"line":144,"column":43}},"47":{"start":{"line":145,"column":16},"end":{"line":145,"column":45}},"48":{"start":{"line":148,"column":16},"end":{"line":148,"column":91}},"49":{"start":{"line":152,"column":16},"end":{"line":152,"column":56}},"50":{"start":{"line":153,"column":16},"end":{"line":153,"column":46}},"51":{"start":{"line":156,"column":12},"end":{"line":156,"column":23}},"52":{"start":{"line":159,"column":12},"end":{"line":159,"column":29}},"53":{"start":{"line":167,"column":18},"end":{"line":167,"column":42}},"54":{"start":{"line":168,"column":8},"end":{"line":168,"column":33}},"55":{"start":{"line":170,"column":8},"end":{"line":170,"column":58}},"56":{"start":{"line":173,"column":23},"end":{"line":173,"column":70}},"57":{"start":{"line":175,"column":8},"end":{"line":175,"column":19}}},"fnMap":{"0":{"name":"(anonymous_0)","decl":{"start":{"line":20,"column":4},"end":{"line":20,"column":5}},"loc":{"start":{"line":20,"column":19},"end":{"line":31,"column":5}},"line":20},"1":{"name":"(anonymous_1)","decl":{"start":{"line":33,"column":4},"end":{"line":33,"column":5}},"loc":{"start":{"line":33,"column":32},"end":{"line":40,"column":5}},"line":33},"2":{"name":"(anonymous_2)","decl":{"start":{"line":42,"column":4},"end":{"line":42,"column":5}},"loc":{"start":{"line":42,"column":29},"end":{"line":44,"column":5}},"line":42},"3":{"name":"(anonymous_3)","decl":{"start":{"line":46,"column":4},"end":{"line":46,"column":5}},"loc":{"start":{"line":46,"column":29},"end":{"line":56,"column":5}},"line":46},"4":{"name":"(anonymous_4)","decl":{"start":{"line":58,"column":4},"end":{"line":58,"column":5}},"loc":{"start":{"line":58,"column":42},"end":{"line":60,"column":5}},"line":58},"5":{"name":"(anonymous_5)","decl":{"start":{"line":62,"column":4},"end":{"line":62,"column":5}},"loc":{"start":{"line":62,"column":39},"end":{"line":74,"column":5}},"line":62},"6":{"name":"(anonymous_6)","decl":{"start":{"line":76,"column":4},"end":{"line":76,"column":5}},"loc":{"start":{"line":76,"column":30},"end":{"line":111,"column":5}},"line":76},"7":{"name":"(anonymous_7)","decl":{"start":{"line":91,"column":61},"end":{"line":91,"column":62}},"loc":{"start":{"line":91,"column":70},"end":{"line":96,"column":13}},"line":91},"8":{"name":"(anonymous_8)","decl":{"start":{"line":113,"column":4},"end":{"line":113,"column":5}},"loc":{"start":{"line":113,"column":38},"end":{"line":162,"column":5}},"line":113},"9":{"name":"(anonymous_9)","decl":{"start":{"line":122,"column":56},"end":{"line":122,"column":57}},"loc":{"start":{"line":122,"column":65},"end":{"line":126,"column":13}},"line":122},"10":{"name":"(anonymous_10)","decl":{"start":{"line":134,"column":65},"end":{"line":134,"column":66}},"loc":{"start":{"line":134,"column":74},"end":{"line":141,"column":17}},"line":134},"11":{"name":"(anonymous_11)","decl":{"start":{"line":164,"column":4},"end":{"line":164,"column":5}},"loc":{"start":{"line":164,"column":42},"end":{"line":177,"column":5}},"line":164}},"branchMap":{"0":{"loc":{"start":{"line":69,"column":8},"end":{"line":71,"column":9}},"type":"if","locations":[{"start":{"line":69,"column":8},"end":{"line":71,"column":9}},{"start":{},"end":{}}],"line":69},"1":{"loc":{"start":{"line":102,"column":12},"end":{"line":104,"column":13}},"type":"if","locations":[{"start":{"line":102,"column":12},"end":{"line":104,"column":13}},{"start":{},"end":{}}],"line":102},"2":{"loc":{"start":{"line":131,"column":12},"end":{"line":154,"column":13}},"type":"if","locations":[{"start":{"line":131,"column":12},"end":{"line":154,"column":13}},{"start":{"line":151,"column":17},"end":{"line":154,"column":13}}],"line":131}},"s":{"0":2,"1":2,"2":2,"3":3,"4":2,"5":1,"6":1,"7":1,"8":1,"9":2,"10":3,"11":3,"12":3,"13":1,"14":3,"15":2,"16":2,"17":2,"18":2,"19":2,"20":2,"21":2,"22":2,"23":2,"24":2,"25":2,"26":1,"27":1,"28":0,"29":1,"30":1,"31":2,"32":2,"33":2,"34":2,"35":2,"36":2,"37":2,"38":2,"39":2,"40":1,"41":1,"42":1,"43":1,"44":1,"45":1,"46":1,"47":1,"48":1,"49":1,"50":1,"51":2,"52":0,"53":1,"54":1,"55":1,"56":1,"57":1},"f":{"0":2,"1":3,"2":2,"3":1,"4":2,"5":3,"6":2,"7":2,"8":2,"9":2,"10":1,"11":1},"b":{"0":[1,2],"1":[0,1],"2":[1,1]},"_coverageSchema":"1a1c01bbd47fc00a2c39e90264f33305004495a9","hash":"7cd8e06ba4f8d47eedddd7708d659cf68f1ff2e2"}
,"/usr/src/app/src/modules/users/controller/user.js": {"path":"/usr/src/app/src/modules/users/controller/user.js","statementMap":{"0":{"start":{"line":11,"column":8},"end":{"line":11,"column":49}},"1":{"start":{"line":15,"column":8},"end":{"line":33,"column":9}},"2":{"start":{"line":18,"column":23},"end":{"line":18,"column":31}},"3":{"start":{"line":20,"column":12},"end":{"line":29,"column":13}},"4":{"start":{"line":22,"column":16},"end":{"line":22,"column":56}},"5":{"start":{"line":23,"column":16},"end":{"line":23,"column":45}},"6":{"start":{"line":26,"column":16},"end":{"line":26,"column":45}},"7":{"start":{"line":27,"column":16},"end":{"line":27,"column":49}},"8":{"start":{"line":28,"column":16},"end":{"line":28,"column":24}},"9":{"start":{"line":31,"column":27},"end":{"line":31,"column":64}},"10":{"start":{"line":32,"column":12},"end":{"line":32,"column":31}},"11":{"start":{"line":37,"column":8},"end":{"line":55,"column":9}},"12":{"start":{"line":40,"column":23},"end":{"line":40,"column":31}},"13":{"start":{"line":42,"column":12},"end":{"line":50,"column":13}},"14":{"start":{"line":43,"column":16},"end":{"line":43,"column":60}},"15":{"start":{"line":44,"column":16},"end":{"line":44,"column":54}},"16":{"start":{"line":47,"column":16},"end":{"line":47,"column":45}},"17":{"start":{"line":48,"column":16},"end":{"line":48,"column":49}},"18":{"start":{"line":49,"column":16},"end":{"line":49,"column":24}},"19":{"start":{"line":52,"column":27},"end":{"line":52,"column":66}},"20":{"start":{"line":54,"column":12},"end":{"line":54,"column":114}},"21":{"start":{"line":59,"column":8},"end":{"line":112,"column":9}},"22":{"start":{"line":62,"column":23},"end":{"line":62,"column":31}},"23":{"start":{"line":65,"column":12},"end":{"line":77,"column":13}},"24":{"start":{"line":67,"column":16},"end":{"line":67,"column":56}},"25":{"start":{"line":68,"column":16},"end":{"line":68,"column":45}},"26":{"start":{"line":69,"column":16},"end":{"line":69,"column":51}},"27":{"start":{"line":73,"column":16},"end":{"line":73,"column":45}},"28":{"start":{"line":74,"column":16},"end":{"line":74,"column":49}},"29":{"start":{"line":75,"column":16},"end":{"line":75,"column":24}},"30":{"start":{"line":80,"column":27},"end":{"line":80,"column":70}},"31":{"start":{"line":82,"column":12},"end":{"line":110,"column":13}},"32":{"start":{"line":85,"column":16},"end":{"line":103,"column":17}},"33":{"start":{"line":87,"column":20},"end":{"line":93,"column":23}},"34":{"start":{"line":88,"column":24},"end":{"line":92,"column":26}},"35":{"start":{"line":95,"column":20},"end":{"line":95,"column":52}},"36":{"start":{"line":96,"column":20},"end":{"line":96,"column":39}},"37":{"start":{"line":100,"column":20},"end":{"line":100,"column":52}},"38":{"start":{"line":101,"column":20},"end":{"line":101,"column":34}},"39":{"start":{"line":105,"column":16},"end":{"line":108,"column":17}},"40":{"start":{"line":106,"column":20},"end":{"line":106,"column":54}},"41":{"start":{"line":107,"column":20},"end":{"line":107,"column":44}},"42":{"start":{"line":109,"column":16},"end":{"line":109,"column":35}},"43":{"start":{"line":116,"column":8},"end":{"line":139,"column":9}},"44":{"start":{"line":119,"column":23},"end":{"line":119,"column":31}},"45":{"start":{"line":122,"column":12},"end":{"line":132,"column":13}},"46":{"start":{"line":124,"column":16},"end":{"line":124,"column":52}},"47":{"start":{"line":128,"column":16},"end":{"line":128,"column":45}},"48":{"start":{"line":129,"column":16},"end":{"line":129,"column":49}},"49":{"start":{"line":130,"column":16},"end":{"line":130,"column":24}},"50":{"start":{"line":135,"column":27},"end":{"line":135,"column":69}},"51":{"start":{"line":137,"column":12},"end":{"line":137,"column":31}},"52":{"start":{"line":143,"column":23},"end":{"line":143,"column":43}}},"fnMap":{"0":{"name":"(anonymous_0)","decl":{"start":{"line":10,"column":4},"end":{"line":10,"column":5}},"loc":{"start":{"line":10,"column":19},"end":{"line":12,"column":5}},"line":10},"1":{"name":"(anonymous_1)","decl":{"start":{"line":14,"column":4},"end":{"line":14,"column":5}},"loc":{"start":{"line":14,"column":13},"end":{"line":34,"column":5}},"line":14},"2":{"name":"(anonymous_2)","decl":{"start":{"line":15,"column":15},"end":{"line":15,"column":16}},"loc":{"start":{"line":15,"column":35},"end":{"line":33,"column":9}},"line":15},"3":{"name":"(anonymous_3)","decl":{"start":{"line":36,"column":4},"end":{"line":36,"column":5}},"loc":{"start":{"line":36,"column":17},"end":{"line":56,"column":5}},"line":36},"4":{"name":"(anonymous_4)","decl":{"start":{"line":37,"column":15},"end":{"line":37,"column":16}},"loc":{"start":{"line":37,"column":35},"end":{"line":55,"column":9}},"line":37},"5":{"name":"(anonymous_5)","decl":{"start":{"line":58,"column":4},"end":{"line":58,"column":5}},"loc":{"start":{"line":58,"column":21},"end":{"line":113,"column":5}},"line":58},"6":{"name":"(anonymous_6)","decl":{"start":{"line":59,"column":15},"end":{"line":59,"column":16}},"loc":{"start":{"line":59,"column":35},"end":{"line":112,"column":9}},"line":59},"7":{"name":"(anonymous_7)","decl":{"start":{"line":87,"column":72},"end":{"line":87,"column":73}},"loc":{"start":{"line":87,"column":81},"end":{"line":93,"column":21}},"line":87},"8":{"name":"(anonymous_8)","decl":{"start":{"line":115,"column":4},"end":{"line":115,"column":5}},"loc":{"start":{"line":115,"column":20},"end":{"line":140,"column":5}},"line":115},"9":{"name":"(anonymous_9)","decl":{"start":{"line":116,"column":15},"end":{"line":116,"column":16}},"loc":{"start":{"line":116,"column":37},"end":{"line":139,"column":9}},"line":116}},"branchMap":{"0":{"loc":{"start":{"line":54,"column":22},"end":{"line":54,"column":112}},"type":"cond-expr","locations":[{"start":{"line":54,"column":53},"end":{"line":54,"column":82}},{"start":{"line":54,"column":85},"end":{"line":54,"column":112}}],"line":54},"1":{"loc":{"start":{"line":82,"column":12},"end":{"line":110,"column":13}},"type":"if","locations":[{"start":{"line":82,"column":12},"end":{"line":110,"column":13}},{"start":{"line":104,"column":19},"end":{"line":110,"column":13}}],"line":82},"2":{"loc":{"start":{"line":105,"column":16},"end":{"line":108,"column":17}},"type":"if","locations":[{"start":{"line":105,"column":16},"end":{"line":108,"column":17}},{"start":{},"end":{}}],"line":105}},"s":{"0":1,"1":0,"2":0,"3":0,"4":0,"5":0,"6":0,"7":0,"8":0,"9":0,"10":0,"11":0,"12":0,"13":0,"14":0,"15":0,"16":0,"17":0,"18":0,"19":0,"20":0,"21":3,"22":3,"23":3,"24":3,"25":3,"26":3,"27":0,"28":0,"29":0,"30":3,"31":3,"32":1,"33":1,"34":1,"35":1,"36":1,"37":0,"38":0,"39":2,"40":2,"41":2,"42":2,"43":0,"44":0,"45":0,"46":0,"47":0,"48":0,"49":0,"50":0,"51":0,"52":1},"f":{"0":1,"1":0,"2":0,"3":0,"4":0,"5":3,"6":3,"7":1,"8":0,"9":0},"b":{"0":[0,0],"1":[1,2],"2":[2,0]},"_coverageSchema":"1a1c01bbd47fc00a2c39e90264f33305004495a9","hash":"d6bec163a89edf7ad4f88e1c046ae6f114bcbaf9"}
,"/usr/src/app/src/modules/users/models/user/dto.in.js": {"path":"/usr/src/app/src/modules/users/models/user/dto.in.js","statementMap":{"0":{"start":{"line":1,"column":33},"end":{"line":3,"column":1}},"1":{"start":{"line":5,"column":33},"end":{"line":8,"column":1}},"2":{"start":{"line":10,"column":37},"end":{"line":13,"column":1}}},"fnMap":{},"branchMap":{},"s":{"0":1,"1":1,"2":1},"f":{},"b":{},"_coverageSchema":"1a1c01bbd47fc00a2c39e90264f33305004495a9","hash":"ee3dca3f56ef09a9e3c3bc603359665324a8ee61"}
,"/usr/src/app/src/modules/users/models/user/dto.out.js": {"path":"/usr/src/app/src/modules/users/models/user/dto.out.js","statementMap":{"0":{"start":{"line":1,"column":34},"end":{"line":5,"column":1}}},"fnMap":{},"branchMap":{},"s":{"0":1},"f":{},"b":{},"_coverageSchema":"1a1c01bbd47fc00a2c39e90264f33305004495a9","hash":"7a75641bd819eec852dec1237e9b49c21a420c76"}
,"/usr/src/app/src/modules/users/repository/user.js": {"path":"/usr/src/app/src/modules/users/repository/user.js","statementMap":{"0":{"start":{"line":7,"column":8},"end":{"line":7,"column":35}},"1":{"start":{"line":11,"column":20},"end":{"line":13,"column":60}},"2":{"start":{"line":14,"column":8},"end":{"line":14,"column":19}},"3":{"start":{"line":18,"column":20},"end":{"line":20,"column":92}},"4":{"start":{"line":21,"column":8},"end":{"line":21,"column":19}},"5":{"start":{"line":25,"column":20},"end":{"line":28,"column":10}},"6":{"start":{"line":29,"column":8},"end":{"line":29,"column":19}},"7":{"start":{"line":33,"column":20},"end":{"line":33,"column":90}},"8":{"start":{"line":34,"column":8},"end":{"line":34,"column":19}},"9":{"start":{"line":38,"column":20},"end":{"line":38,"column":92}},"10":{"start":{"line":39,"column":8},"end":{"line":39,"column":19}},"11":{"start":{"line":43,"column":20},"end":{"line":50,"column":10}},"12":{"start":{"line":51,"column":8},"end":{"line":51,"column":19}},"13":{"start":{"line":55,"column":20},"end":{"line":59,"column":10}},"14":{"start":{"line":60,"column":8},"end":{"line":60,"column":19}},"15":{"start":{"line":64,"column":20},"end":{"line":67,"column":10}},"16":{"start":{"line":68,"column":8},"end":{"line":68,"column":19}},"17":{"start":{"line":72,"column":20},"end":{"line":76,"column":10}},"18":{"start":{"line":77,"column":8},"end":{"line":77,"column":19}},"19":{"start":{"line":81,"column":20},"end":{"line":90,"column":38}},"20":{"start":{"line":91,"column":8},"end":{"line":91,"column":19}},"21":{"start":{"line":96,"column":20},"end":{"line":99,"column":70}},"22":{"start":{"line":100,"column":8},"end":{"line":100,"column":19}}},"fnMap":{"0":{"name":"(anonymous_0)","decl":{"start":{"line":6,"column":4},"end":{"line":6,"column":5}},"loc":{"start":{"line":6,"column":32},"end":{"line":8,"column":5}},"line":6},"1":{"name":"(anonymous_1)","decl":{"start":{"line":10,"column":4},"end":{"line":10,"column":5}},"loc":{"start":{"line":10,"column":15},"end":{"line":15,"column":5}},"line":10},"2":{"name":"(anonymous_2)","decl":{"start":{"line":17,"column":4},"end":{"line":17,"column":5}},"loc":{"start":{"line":17,"column":18},"end":{"line":22,"column":5}},"line":17},"3":{"name":"(anonymous_3)","decl":{"start":{"line":24,"column":4},"end":{"line":24,"column":5}},"loc":{"start":{"line":24,"column":22},"end":{"line":30,"column":5}},"line":24},"4":{"name":"(anonymous_4)","decl":{"start":{"line":32,"column":4},"end":{"line":32,"column":5}},"loc":{"start":{"line":32,"column":18},"end":{"line":35,"column":5}},"line":32},"5":{"name":"(anonymous_5)","decl":{"start":{"line":37,"column":4},"end":{"line":37,"column":5}},"loc":{"start":{"line":37,"column":19},"end":{"line":40,"column":5}},"line":37},"6":{"name":"(anonymous_6)","decl":{"start":{"line":42,"column":4},"end":{"line":42,"column":5}},"loc":{"start":{"line":42,"column":21},"end":{"line":52,"column":5}},"line":42},"7":{"name":"(anonymous_7)","decl":{"start":{"line":54,"column":4},"end":{"line":54,"column":5}},"loc":{"start":{"line":54,"column":19},"end":{"line":61,"column":5}},"line":54},"8":{"name":"(anonymous_8)","decl":{"start":{"line":63,"column":4},"end":{"line":63,"column":5}},"loc":{"start":{"line":63,"column":24},"end":{"line":69,"column":5}},"line":63},"9":{"name":"(anonymous_9)","decl":{"start":{"line":71,"column":4},"end":{"line":71,"column":5}},"loc":{"start":{"line":71,"column":43},"end":{"line":78,"column":5}},"line":71},"10":{"name":"(anonymous_10)","decl":{"start":{"line":80,"column":4},"end":{"line":80,"column":5}},"loc":{"start":{"line":80,"column":24},"end":{"line":92,"column":5}},"line":80},"11":{"name":"(anonymous_11)","decl":{"start":{"line":94,"column":4},"end":{"line":94,"column":5}},"loc":{"start":{"line":94,"column":34},"end":{"line":101,"column":5}},"line":94}},"branchMap":{"0":{"loc":{"start":{"line":6,"column":17},"end":{"line":6,"column":30}},"type":"default-arg","locations":[{"start":{"line":6,"column":24},"end":{"line":6,"column":30}}],"line":6},"1":{"loc":{"start":{"line":96,"column":20},"end":{"line":99,"column":70}},"type":"cond-expr","locations":[{"start":{"line":96,"column":44},"end":{"line":97,"column":72}},{"start":{"line":98,"column":39},"end":{"line":99,"column":70}}],"line":96}},"s":{"0":1,"1":0,"2":0,"3":0,"4":0,"5":0,"6":0,"7":3,"8":3,"9":0,"10":0,"11":0,"12":0,"13":0,"14":0,"15":0,"16":0,"17":0,"18":0,"19":0,"20":0,"21":0,"22":0},"f":{"0":1,"1":0,"2":0,"3":0,"4":3,"5":0,"6":0,"7":0,"8":0,"9":0,"10":0,"11":0},"b":{"0":[1],"1":[0,0]},"_coverageSchema":"1a1c01bbd47fc00a2c39e90264f33305004495a9","hash":"c32835a23e9306ca8443f85ad1a7fc608f8ed938"}
,"/usr/src/app/src/modules/users/service/user.js": {"path":"/usr/src/app/src/modules/users/service/user.js","statementMap":{"0":{"start":{"line":9,"column":8},"end":{"line":13,"column":11}},"1":{"start":{"line":14,"column":8},"end":{"line":14,"column":51}},"2":{"start":{"line":20,"column":18},"end":{"line":20,"column":43}},"3":{"start":{"line":21,"column":8},"end":{"line":21,"column":33}},"4":{"start":{"line":26,"column":8},"end":{"line":27,"column":56}},"5":{"start":{"line":26,"column":32},"end":{"line":26,"column":78}},"6":{"start":{"line":27,"column":13},"end":{"line":27,"column":56}},"7":{"start":{"line":30,"column":8},"end":{"line":34,"column":9}},"8":{"start":{"line":30,"column":33},"end":{"line":30,"column":56}},"9":{"start":{"line":32,"column":12},"end":{"line":32,"column":120}},"10":{"start":{"line":33,"column":12},"end":{"line":33,"column":41}},"11":{"start":{"line":36,"column":8},"end":{"line":36,"column":19}},"12":{"start":{"line":42,"column":18},"end":{"line":42,"column":39}},"13":{"start":{"line":43,"column":8},"end":{"line":43,"column":33}},"14":{"start":{"line":46,"column":23},"end":{"line":46,"column":59}},"15":{"start":{"line":49,"column":8},"end":{"line":54,"column":9}},"16":{"start":{"line":50,"column":12},"end":{"line":50,"column":79}},"17":{"start":{"line":52,"column":12},"end":{"line":52,"column":92}},"18":{"start":{"line":53,"column":12},"end":{"line":53,"column":41}},"19":{"start":{"line":56,"column":8},"end":{"line":56,"column":19}},"20":{"start":{"line":62,"column":18},"end":{"line":62,"column":43}},"21":{"start":{"line":63,"column":8},"end":{"line":63,"column":33}},"22":{"start":{"line":66,"column":23},"end":{"line":66,"column":55}},"23":{"start":{"line":69,"column":8},"end":{"line":73,"column":9}},"24":{"start":{"line":69,"column":33},"end":{"line":69,"column":56}},"25":{"start":{"line":71,"column":12},"end":{"line":71,"column":64}},"26":{"start":{"line":72,"column":12},"end":{"line":72,"column":41}},"27":{"start":{"line":75,"column":8},"end":{"line":75,"column":19}},"28":{"start":{"line":82,"column":18},"end":{"line":82,"column":42}},"29":{"start":{"line":83,"column":8},"end":{"line":83,"column":33}},"30":{"start":{"line":86,"column":23},"end":{"line":86,"column":56}},"31":{"start":{"line":89,"column":8},"end":{"line":93,"column":9}},"32":{"start":{"line":89,"column":33},"end":{"line":89,"column":56}},"33":{"start":{"line":91,"column":12},"end":{"line":91,"column":77}},"34":{"start":{"line":92,"column":12},"end":{"line":92,"column":41}},"35":{"start":{"line":95,"column":8},"end":{"line":95,"column":19}},"36":{"start":{"line":102,"column":18},"end":{"line":102,"column":46}},"37":{"start":{"line":105,"column":8},"end":{"line":117,"column":9}},"38":{"start":{"line":107,"column":12},"end":{"line":115,"column":13}},"39":{"start":{"line":108,"column":16},"end":{"line":108,"column":45}},"40":{"start":{"line":109,"column":16},"end":{"line":109,"column":53}},"41":{"start":{"line":110,"column":16},"end":{"line":110,"column":32}},"42":{"start":{"line":111,"column":19},"end":{"line":115,"column":13}},"43":{"start":{"line":112,"column":16},"end":{"line":112,"column":45}},"44":{"start":{"line":113,"column":16},"end":{"line":113,"column":61}},"45":{"start":{"line":114,"column":16},"end":{"line":114,"column":32}},"46":{"start":{"line":119,"column":8},"end":{"line":119,"column":19}},"47":{"start":{"line":125,"column":18},"end":{"line":125,"column":54}},"48":{"start":{"line":126,"column":8},"end":{"line":126,"column":33}},"49":{"start":{"line":129,"column":8},"end":{"line":129,"column":37}},"50":{"start":{"line":132,"column":8},"end":{"line":135,"column":9}},"51":{"start":{"line":133,"column":12},"end":{"line":133,"column":41}},"52":{"start":{"line":134,"column":12},"end":{"line":134,"column":69}},"53":{"start":{"line":138,"column":8},"end":{"line":138,"column":38}},"54":{"start":{"line":141,"column":8},"end":{"line":144,"column":9}},"55":{"start":{"line":142,"column":12},"end":{"line":142,"column":41}},"56":{"start":{"line":143,"column":12},"end":{"line":143,"column":82}},"57":{"start":{"line":147,"column":8},"end":{"line":147,"column":33}},"58":{"start":{"line":149,"column":8},"end":{"line":149,"column":19}},"59":{"start":{"line":155,"column":18},"end":{"line":155,"column":53}},"60":{"start":{"line":156,"column":8},"end":{"line":156,"column":33}},"61":{"start":{"line":159,"column":20},"end":{"line":159,"column":58}},"62":{"start":{"line":160,"column":8},"end":{"line":160,"column":54}},"63":{"start":{"line":160,"column":41},"end":{"line":160,"column":54}},"64":{"start":{"line":163,"column":8},"end":{"line":163,"column":33}},"65":{"start":{"line":166,"column":23},"end":{"line":166,"column":58}},"66":{"start":{"line":169,"column":8},"end":{"line":174,"column":9}},"67":{"start":{"line":170,"column":12},"end":{"line":170,"column":39}},"68":{"start":{"line":172,"column":12},"end":{"line":172,"column":44}},"69":{"start":{"line":173,"column":12},"end":{"line":173,"column":43}},"70":{"start":{"line":176,"column":8},"end":{"line":176,"column":19}},"71":{"start":{"line":183,"column":18},"end":{"line":183,"column":51}},"72":{"start":{"line":184,"column":8},"end":{"line":184,"column":33}},"73":{"start":{"line":187,"column":23},"end":{"line":187,"column":60}},"74":{"start":{"line":189,"column":8},"end":{"line":192,"column":9}},"75":{"start":{"line":190,"column":12},"end":{"line":190,"column":66}},"76":{"start":{"line":191,"column":12},"end":{"line":191,"column":41}},"77":{"start":{"line":194,"column":8},"end":{"line":194,"column":19}},"78":{"start":{"line":201,"column":18},"end":{"line":201,"column":43}},"79":{"start":{"line":202,"column":8},"end":{"line":202,"column":33}},"80":{"start":{"line":205,"column":23},"end":{"line":205,"column":63}},"81":{"start":{"line":208,"column":8},"end":{"line":213,"column":9}},"82":{"start":{"line":209,"column":12},"end":{"line":209,"column":50}},"83":{"start":{"line":210,"column":12},"end":{"line":210,"column":41}},"84":{"start":{"line":212,"column":12},"end":{"line":212,"column":39}},"85":{"start":{"line":215,"column":8},"end":{"line":215,"column":19}},"86":{"start":{"line":222,"column":18},"end":{"line":222,"column":44}},"87":{"start":{"line":223,"column":8},"end":{"line":223,"column":33}},"88":{"start":{"line":226,"column":23},"end":{"line":226,"column":86}},"89":{"start":{"line":229,"column":8},"end":{"line":229,"column":33}},"90":{"start":{"line":231,"column":8},"end":{"line":231,"column":19}}},"fnMap":{"0":{"name":"(anonymous_0)","decl":{"start":{"line":8,"column":4},"end":{"line":8,"column":5}},"loc":{"start":{"line":8,"column":68},"end":{"line":15,"column":5}},"line":8},"1":{"name":"(anonymous_1)","decl":{"start":{"line":17,"column":4},"end":{"line":17,"column":5}},"loc":{"start":{"line":17,"column":26},"end":{"line":37,"column":5}},"line":17},"2":{"name":"(anonymous_2)","decl":{"start":{"line":39,"column":4},"end":{"line":39,"column":5}},"loc":{"start":{"line":39,"column":33},"end":{"line":57,"column":5}},"line":39},"3":{"name":"(anonymous_3)","decl":{"start":{"line":59,"column":4},"end":{"line":59,"column":5}},"loc":{"start":{"line":59,"column":29},"end":{"line":77,"column":5}},"line":59},"4":{"name":"(anonymous_4)","decl":{"start":{"line":79,"column":4},"end":{"line":79,"column":5}},"loc":{"start":{"line":79,"column":30},"end":{"line":97,"column":5}},"line":79},"5":{"name":"(anonymous_5)","decl":{"start":{"line":99,"column":4},"end":{"line":99,"column":5}},"loc":{"start":{"line":99,"column":37},"end":{"line":120,"column":5}},"line":99},"6":{"name":"(anonymous_6)","decl":{"start":{"line":122,"column":4},"end":{"line":122,"column":5}},"loc":{"start":{"line":122,"column":39},"end":{"line":150,"column":5}},"line":122},"7":{"name":"(anonymous_7)","decl":{"start":{"line":152,"column":4},"end":{"line":152,"column":5}},"loc":{"start":{"line":152,"column":36},"end":{"line":178,"column":5}},"line":152},"8":{"name":"(anonymous_8)","decl":{"start":{"line":180,"column":4},"end":{"line":180,"column":5}},"loc":{"start":{"line":180,"column":35},"end":{"line":196,"column":5}},"line":180},"9":{"name":"(anonymous_9)","decl":{"start":{"line":198,"column":4},"end":{"line":198,"column":5}},"loc":{"start":{"line":198,"column":35},"end":{"line":217,"column":5}},"line":198},"10":{"name":"(anonymous_10)","decl":{"start":{"line":219,"column":4},"end":{"line":219,"column":5}},"loc":{"start":{"line":219,"column":36},"end":{"line":233,"column":5}},"line":219}},"branchMap":{"0":{"loc":{"start":{"line":8,"column":18},"end":{"line":8,"column":51}},"type":"default-arg","locations":[{"start":{"line":8,"column":31},"end":{"line":8,"column":51}}],"line":8},"1":{"loc":{"start":{"line":8,"column":53},"end":{"line":8,"column":66}},"type":"default-arg","locations":[{"start":{"line":8,"column":60},"end":{"line":8,"column":66}}],"line":8},"2":{"loc":{"start":{"line":26,"column":8},"end":{"line":27,"column":56}},"type":"if","locations":[{"start":{"line":26,"column":8},"end":{"line":27,"column":56}},{"start":{"line":27,"column":13},"end":{"line":27,"column":56}}],"line":26},"3":{"loc":{"start":{"line":30,"column":8},"end":{"line":34,"column":9}},"type":"if","locations":[{"start":{"line":30,"column":8},"end":{"line":34,"column":9}},{"start":{"line":31,"column":13},"end":{"line":34,"column":9}}],"line":30},"4":{"loc":{"start":{"line":32,"column":26},"end":{"line":32,"column":119}},"type":"cond-expr","locations":[{"start":{"line":32,"column":47},"end":{"line":32,"column":83}},{"start":{"line":32,"column":86},"end":{"line":32,"column":119}}],"line":32},"5":{"loc":{"start":{"line":49,"column":8},"end":{"line":54,"column":9}},"type":"if","locations":[{"start":{"line":49,"column":8},"end":{"line":54,"column":9}},{"start":{"line":51,"column":15},"end":{"line":54,"column":9}}],"line":49},"6":{"loc":{"start":{"line":50,"column":26},"end":{"line":50,"column":78}},"type":"cond-expr","locations":[{"start":{"line":50,"column":53},"end":{"line":50,"column":64}},{"start":{"line":50,"column":67},"end":{"line":50,"column":78}}],"line":50},"7":{"loc":{"start":{"line":69,"column":8},"end":{"line":73,"column":9}},"type":"if","locations":[{"start":{"line":69,"column":8},"end":{"line":73,"column":9}},{"start":{"line":70,"column":13},"end":{"line":73,"column":9}}],"line":69},"8":{"loc":{"start":{"line":89,"column":8},"end":{"line":93,"column":9}},"type":"if","locations":[{"start":{"line":89,"column":8},"end":{"line":93,"column":9}},{"start":{"line":90,"column":13},"end":{"line":93,"column":9}}],"line":89},"9":{"loc":{"start":{"line":105,"column":8},"end":{"line":117,"column":9}},"type":"if","locations":[{"start":{"line":105,"column":8},"end":{"line":117,"column":9}},{"start":{},"end":{}}],"line":105},"10":{"loc":{"start":{"line":107,"column":12},"end":{"line":115,"column":13}},"type":"if","locations":[{"start":{"line":107,"column":12},"end":{"line":115,"column":13}},{"start":{"line":111,"column":19},"end":{"line":115,"column":13}}],"line":107},"11":{"loc":{"start":{"line":111,"column":19},"end":{"line":115,"column":13}},"type":"if","locations":[{"start":{"line":111,"column":19},"end":{"line":115,"column":13}},{"start":{},"end":{}}],"line":111},"12":{"loc":{"start":{"line":132,"column":8},"end":{"line":135,"column":9}},"type":"if","locations":[{"start":{"line":132,"column":8},"end":{"line":135,"column":9}},{"start":{},"end":{}}],"line":132},"13":{"loc":{"start":{"line":141,"column":8},"end":{"line":144,"column":9}},"type":"if","locations":[{"start":{"line":141,"column":8},"end":{"line":144,"column":9}},{"start":{},"end":{}}],"line":141},"14":{"loc":{"start":{"line":160,"column":8},"end":{"line":160,"column":54}},"type":"if","locations":[{"start":{"line":160,"column":8},"end":{"line":160,"column":54}},{"start":{},"end":{}}],"line":160},"15":{"loc":{"start":{"line":169,"column":8},"end":{"line":174,"column":9}},"type":"if","locations":[{"start":{"line":169,"column":8},"end":{"line":174,"column":9}},{"start":{"line":171,"column":15},"end":{"line":174,"column":9}}],"line":169},"16":{"loc":{"start":{"line":189,"column":8},"end":{"line":192,"column":9}},"type":"if","locations":[{"start":{"line":189,"column":8},"end":{"line":192,"column":9}},{"start":{},"end":{}}],"line":189},"17":{"loc":{"start":{"line":208,"column":8},"end":{"line":213,"column":9}},"type":"if","locations":[{"start":{"line":208,"column":8},"end":{"line":213,"column":9}},{"start":{"line":211,"column":15},"end":{"line":213,"column":9}}],"line":208}},"s":{"0":1,"1":1,"2":0,"3":0,"4":0,"5":0,"6":0,"7":0,"8":0,"9":0,"10":0,"11":0,"12":0,"13":0,"14":0,"15":0,"16":0,"17":0,"18":0,"19":0,"20":3,"21":3,"22":3,"23":3,"24":2,"25":1,"26":1,"27":3,"28":0,"29":0,"30":0,"31":0,"32":0,"33":0,"34":0,"35":0,"36":3,"37":3,"38":2,"39":0,"40":0,"41":0,"42":2,"43":1,"44":1,"45":1,"46":3,"47":0,"48":0,"49":0,"50":0,"51":0,"52":0,"53":0,"54":0,"55":0,"56":0,"57":0,"58":0,"59":0,"60":0,"61":0,"62":0,"63":0,"64":0,"65":0,"66":0,"67":0,"68":0,"69":0,"70":0,"71":0,"72":0,"73":0,"74":0,"75":0,"76":0,"77":0,"78":0,"79":0,"80":0,"81":0,"82":0,"83":0,"84":0,"85":0,"86":0,"87":0,"88":0,"89":0,"90":0},"f":{"0":1,"1":0,"2":0,"3":3,"4":0,"5":3,"6":0,"7":0,"8":0,"9":0,"10":0},"b":{"0":[1],"1":[1],"2":[0,0],"3":[0,0],"4":[0,0],"5":[0,0],"6":[0,0],"7":[2,1],"8":[0,0],"9":[2,1],"10":[0,2],"11":[1,1],"12":[0,0],"13":[0,0],"14":[0,0],"15":[0,0],"16":[0,0],"17":[0,0]},"_coverageSchema":"1a1c01bbd47fc00a2c39e90264f33305004495a9","hash":"9fd6caa52eb6aad45beaeca509abd0f3d4aac56d"}
}
