TN:
SF:src/conf/databases.js
FNF:0
FNH:0
DA:2,1
DA:3,1
DA:4,1
DA:6,1
DA:13,1
DA:20,1
DA:27,1
DA:34,1
LF:8
LH:8
BRF:0
BRH:0
end_of_record
TN:
SF:src/conf/jwt.js
FNF:0
FNH:0
DA:1,1
DA:2,1
DA:3,1
DA:4,1
LF:4
LH:4
BRF:0
BRH:0
end_of_record
TN:
SF:src/conf/keys.js
FNF:0
FNH:0
DA:1,1
DA:2,1
LF:2
LH:2
BRF:0
BRH:0
end_of_record
TN:
SF:src/lib/database.js
FN:9,(anonymous_0)
FN:14,(anonymous_1)
FN:19,(anonymous_2)
FN:25,(anonymous_3)
FN:26,(anonymous_4)
FN:67,(anonymous_5)
FN:75,(anonymous_6)
FN:79,(anonymous_7)
FNF:8
FNH:6
FNDA:2,(anonymous_0)
FNDA:2,(anonymous_1)
FNDA:0,(anonymous_2)
FNDA:2,(anonymous_3)
FNDA:2,(anonymous_4)
FNDA:2,(anonymous_5)
FNDA:0,(anonymous_6)
FNDA:3,(anonymous_7)
DA:6,1
DA:10,2
DA:11,2
DA:15,2
DA:16,2
DA:20,0
DA:21,0
DA:22,0
DA:26,2
DA:28,2
DA:30,0
DA:33,0
DA:34,0
DA:35,0
DA:37,0
DA:38,0
DA:39,0
DA:41,0
DA:42,0
DA:43,0
DA:45,0
DA:46,0
DA:47,0
DA:52,0
DA:53,0
DA:54,0
DA:57,2
DA:59,2
DA:60,2
DA:69,2
DA:76,0
DA:81,3
DA:82,2
DA:83,2
DA:85,3
LF:35
LH:15
BRDA:28,0,0,0
BRDA:28,0,1,2
BRDA:30,1,0,0
BRDA:30,1,1,0
BRDA:30,1,2,0
BRDA:30,1,3,0
BRDA:57,2,0,2
BRDA:57,2,1,0
BRDA:81,3,0,2
BRDA:81,3,1,1
BRF:10
BRH:4
end_of_record
TN:
SF:src/lib/encrypt.js
FN:6,(anonymous_0)
FN:10,(anonymous_1)
FN:14,(anonymous_2)
FN:22,(anonymous_3)
FN:26,(anonymous_4)
FNF:5
FNH:3
FNDA:1,(anonymous_0)
FNDA:0,(anonymous_1)
FNDA:2,(anonymous_2)
FNDA:0,(anonymous_3)
FNDA:1,(anonymous_4)
DA:7,1
DA:11,0
DA:15,2
DA:23,0
DA:27,1
DA:28,1
LF:6
LH:4
BRDA:27,0,0,1
BRDA:27,0,1,0
BRF:2
BRH:1
end_of_record
TN:
SF:src/lib/httpCodes.js
FNF:0
FNH:0
DA:1,1
DA:2,1
DA:3,1
DA:4,1
DA:5,1
LF:5
LH:5
BRF:0
BRH:0
end_of_record
TN:
SF:src/lib/mapper.js
FN:5,(anonymous_0)
FN:9,(anonymous_1)
FNF:2
FNH:2
FNDA:5,(anonymous_0)
FNDA:6,(anonymous_1)
DA:6,5
DA:12,6
DA:15,6
DA:17,6
DA:20,6
DA:23,5
DA:28,1
DA:29,1
LF:8
LH:8
BRF:0
BRH:0
end_of_record
TN:
SF:src/lib/sleep.js
FN:1,sleep
FN:2,(anonymous_1)
FNF:2
FNH:0
FNDA:0,sleep
FNDA:0,(anonymous_1)
DA:2,0
DA:3,0
LF:2
LH:0
BRF:0
BRH:0
end_of_record
TN:
SF:src/lib/validator.js
FN:1,(anonymous_0)
FN:7,(anonymous_1)
FN:13,(anonymous_2)
FN:20,(anonymous_3)
FN:26,(anonymous_4)
FN:32,(anonymous_5)
FN:38,(anonymous_6)
FN:45,(anonymous_7)
FN:53,(anonymous_8)
FN:63,(anonymous_9)
FNF:10
FNH:5
FNDA:8,(anonymous_0)
FNDA:7,(anonymous_1)
FNDA:0,(anonymous_2)
FNDA:7,(anonymous_3)
FNDA:0,(anonymous_4)
FNDA:0,(anonymous_5)
FNDA:0,(anonymous_6)
FNDA:0,(anonymous_7)
FNDA:23,(anonymous_8)
FNDA:49,(anonymous_9)
DA:1,1
DA:3,8
DA:7,1
DA:8,7
DA:9,5
DA:10,5
DA:13,1
DA:15,0
DA:16,0
DA:17,0
DA:20,1
DA:22,7
DA:26,1
DA:28,0
DA:32,1
DA:33,0
DA:34,0
DA:35,0
DA:38,1
DA:40,0
DA:41,0
DA:42,0
DA:45,1
DA:46,0
DA:47,0
DA:48,0
DA:50,0
DA:53,1
DA:56,23
DA:57,23
DA:60,23
DA:63,23
DA:64,49
DA:65,48
DA:66,47
DA:70,23
DA:71,1
DA:75,22
DA:76,1
DA:80,21
DA:81,2
LF:41
LH:27
BRDA:3,0,0,1
BRDA:3,0,1,7
BRDA:8,1,0,2
BRDA:8,1,1,5
BRDA:9,2,0,0
BRDA:9,2,1,5
BRDA:9,3,0,5
BRDA:9,3,1,2
BRDA:13,4,0,0
BRDA:15,5,0,0
BRDA:15,5,1,0
BRDA:16,6,0,0
BRDA:16,6,1,0
BRDA:22,7,0,1
BRDA:22,7,1,6
BRDA:28,8,0,0
BRDA:28,8,1,0
BRDA:34,9,0,0
BRDA:34,9,1,0
BRDA:41,10,0,0
BRDA:41,10,1,0
BRDA:50,11,0,0
BRDA:50,11,1,0
BRDA:50,12,0,0
BRDA:50,12,1,0
BRDA:64,13,0,1
BRDA:64,13,1,48
BRDA:65,14,0,1
BRDA:65,14,1,47
BRDA:70,15,0,1
BRDA:70,15,1,22
BRDA:70,16,0,23
BRDA:70,16,1,20
BRDA:75,17,0,1
BRDA:75,17,1,21
BRDA:75,18,0,22
BRDA:75,18,1,3
BRDA:80,19,0,2
BRDA:80,19,1,19
BRF:39
BRH:23
end_of_record
TN:
SF:src/models/controller.js
FN:5,(anonymous_0)
FNF:1
FNH:1
FNDA:2,(anonymous_0)
DA:6,2
DA:7,2
DA:8,2
LF:3
LH:3
BRF:0
BRH:0
end_of_record
TN:
SF:src/models/repository.js
FN:5,(anonymous_0)
FNF:1
FNH:1
FNDA:3,(anonymous_0)
DA:6,3
DA:7,3
DA:8,3
LF:3
LH:3
BRF:0
BRH:0
end_of_record
TN:
SF:src/models/request.js
FN:3,(anonymous_0)
FN:8,(anonymous_1)
FN:12,(anonymous_2)
FNF:3
FNH:2
FNDA:19,(anonymous_0)
FNDA:18,(anonymous_1)
FNDA:0,(anonymous_2)
DA:4,19
DA:5,19
DA:9,18
DA:13,0
LF:4
LH:3
BRF:0
BRH:0
end_of_record
TN:
SF:src/models/service.js
FN:5,(anonymous_0)
FNF:1
FNH:1
FNDA:3,(anonymous_0)
DA:6,3
DA:7,3
DA:8,3
DA:9,3
LF:4
LH:4
BRF:0
BRH:0
end_of_record
TN:
SF:src/modules/auth/controller/auth.js
FN:20,(anonymous_0)
FN:24,(anonymous_1)
FN:25,(anonymous_2)
FN:54,(anonymous_3)
FN:56,(anonymous_4)
FN:83,(anonymous_5)
FN:85,(anonymous_6)
FNF:7
FNH:7
FNDA:1,(anonymous_0)
FNDA:7,(anonymous_1)
FNDA:7,(anonymous_2)
FNDA:4,(anonymous_3)
FNDA:4,(anonymous_4)
FNDA:4,(anonymous_5)
FNDA:4,(anonymous_6)
DA:21,1
DA:25,7
DA:28,7
DA:31,7
DA:33,7
DA:34,5
DA:35,4
DA:38,4
DA:39,4
DA:40,4
DA:41,4
DA:46,3
DA:48,3
DA:56,4
DA:59,4
DA:62,4
DA:64,4
DA:65,3
DA:69,2
DA:70,2
DA:71,2
DA:76,2
DA:78,2
DA:85,4
DA:88,4
DA:93,4
DA:96,4
DA:97,4
DA:98,3
DA:99,3
DA:102,3
DA:104,1
DA:105,1
DA:106,1
DA:108,1
DA:109,1
DA:110,1
DA:112,1
DA:113,1
DA:114,1
DA:120,1
DA:121,1
DA:123,1
DA:131,1
LF:44
LH:44
BRDA:40,0,0,2
BRDA:40,0,1,2
BRDA:99,1,0,1
BRDA:99,1,1,1
BRDA:102,2,0,1
BRDA:102,2,1,1
BRDA:102,2,2,1
BRF:7
BRH:7
end_of_record
TN:
SF:src/modules/auth/models/dto.in.js
FNF:0
FNH:0
DA:1,1
DA:6,1
DA:11,1
DA:17,1
LF:4
LH:4
BRF:0
BRH:0
end_of_record
TN:
SF:src/modules/auth/models/dto.out.js
FNF:0
FNH:0
DA:1,1
DA:7,1
LF:2
LH:2
BRF:0
BRH:0
end_of_record
TN:
SF:src/modules/auth/repository/auth.js
FN:6,(anonymous_0)
FN:10,(anonymous_1)
FN:19,(anonymous_2)
FN:29,(anonymous_3)
FNF:4
FNH:4
FNDA:2,(anonymous_0)
FNDA:1,(anonymous_1)
FNDA:2,(anonymous_2)
FNDA:1,(anonymous_3)
DA:7,2
DA:11,1
DA:16,1
DA:20,2
DA:26,2
DA:30,1
DA:34,1
LF:7
LH:7
BRF:0
BRH:0
end_of_record
TN:
SF:src/modules/auth/services/auth.js
FN:20,(anonymous_0)
FN:33,(anonymous_1)
FN:42,(anonymous_2)
FN:46,(anonymous_3)
FN:58,(anonymous_4)
FN:62,(anonymous_5)
FN:76,(anonymous_6)
FN:91,(anonymous_7)
FN:113,(anonymous_8)
FN:122,(anonymous_9)
FN:134,(anonymous_10)
FN:164,(anonymous_11)
FNF:12
FNH:12
FNDA:2,(anonymous_0)
FNDA:3,(anonymous_1)
FNDA:2,(anonymous_2)
FNDA:1,(anonymous_3)
FNDA:2,(anonymous_4)
FNDA:3,(anonymous_5)
FNDA:2,(anonymous_6)
FNDA:2,(anonymous_7)
FNDA:2,(anonymous_8)
FNDA:2,(anonymous_9)
FNDA:1,(anonymous_10)
FNDA:1,(anonymous_11)
DA:21,2
DA:29,2
DA:30,2
DA:34,3
DA:43,2
DA:49,1
DA:50,1
DA:53,1
DA:55,1
DA:59,2
DA:65,3
DA:68,3
DA:69,3
DA:70,1
DA:73,3
DA:79,2
DA:80,2
DA:83,2
DA:86,2
DA:87,2
DA:89,2
DA:91,2
DA:92,2
DA:93,2
DA:94,2
DA:95,2
DA:99,1
DA:102,1
DA:103,0
DA:106,1
DA:109,1
DA:116,2
DA:117,2
DA:119,2
DA:122,2
DA:123,2
DA:124,2
DA:125,2
DA:129,2
DA:131,2
DA:134,1
DA:135,1
DA:136,1
DA:138,1
DA:139,1
DA:140,1
DA:144,1
DA:145,1
DA:148,1
DA:152,1
DA:153,1
DA:156,2
DA:159,0
DA:167,1
DA:168,1
DA:170,1
DA:173,1
DA:175,1
LF:58
LH:56
BRDA:69,0,0,1
BRDA:69,0,1,2
BRDA:102,1,0,0
BRDA:102,1,1,1
BRDA:131,2,0,1
BRDA:131,2,1,1
BRF:6
BRH:5
end_of_record
TN:
SF:src/modules/users/controller/user.js
FN:10,(anonymous_0)
FN:14,(anonymous_1)
FN:15,(anonymous_2)
FN:36,(anonymous_3)
FN:37,(anonymous_4)
FN:58,(anonymous_5)
FN:59,(anonymous_6)
FN:87,(anonymous_7)
FN:115,(anonymous_8)
FN:116,(anonymous_9)
FNF:10
FNH:4
FNDA:1,(anonymous_0)
FNDA:0,(anonymous_1)
FNDA:0,(anonymous_2)
FNDA:0,(anonymous_3)
FNDA:0,(anonymous_4)
FNDA:3,(anonymous_5)
FNDA:3,(anonymous_6)
FNDA:1,(anonymous_7)
FNDA:0,(anonymous_8)
FNDA:0,(anonymous_9)
DA:11,1
DA:15,0
DA:18,0
DA:20,0
DA:22,0
DA:23,0
DA:26,0
DA:27,0
DA:28,0
DA:31,0
DA:32,0
DA:37,0
DA:40,0
DA:42,0
DA:43,0
DA:44,0
DA:47,0
DA:48,0
DA:49,0
DA:52,0
DA:54,0
DA:59,3
DA:62,3
DA:65,3
DA:67,3
DA:68,3
DA:69,3
DA:73,0
DA:74,0
DA:75,0
DA:80,3
DA:82,3
DA:85,1
DA:87,1
DA:88,1
DA:95,1
DA:96,1
DA:100,0
DA:101,0
DA:105,2
DA:106,2
DA:107,2
DA:109,2
DA:116,0
DA:119,0
DA:122,0
DA:124,0
DA:128,0
DA:129,0
DA:130,0
DA:135,0
DA:137,0
DA:143,1
LF:53
LH:19
BRDA:54,0,0,0
BRDA:54,0,1,0
BRDA:82,1,0,1
BRDA:82,1,1,2
BRDA:105,2,0,2
BRDA:105,2,1,0
BRF:6
BRH:3
end_of_record
TN:
SF:src/modules/users/models/user/dto.in.js
FNF:0
FNH:0
DA:1,1
DA:5,1
DA:10,1
LF:3
LH:3
BRF:0
BRH:0
end_of_record
TN:
SF:src/modules/users/models/user/dto.out.js
FNF:0
FNH:0
DA:1,1
LF:1
LH:1
BRF:0
BRH:0
end_of_record
TN:
SF:src/modules/users/repository/user.js
FN:6,(anonymous_0)
FN:10,(anonymous_1)
FN:17,(anonymous_2)
FN:24,(anonymous_3)
FN:32,(anonymous_4)
FN:37,(anonymous_5)
FN:42,(anonymous_6)
FN:54,(anonymous_7)
FN:63,(anonymous_8)
FN:71,(anonymous_9)
FN:80,(anonymous_10)
FN:94,(anonymous_11)
FNF:12
FNH:2
FNDA:1,(anonymous_0)
FNDA:0,(anonymous_1)
FNDA:0,(anonymous_2)
FNDA:0,(anonymous_3)
FNDA:3,(anonymous_4)
FNDA:0,(anonymous_5)
FNDA:0,(anonymous_6)
FNDA:0,(anonymous_7)
FNDA:0,(anonymous_8)
FNDA:0,(anonymous_9)
FNDA:0,(anonymous_10)
FNDA:0,(anonymous_11)
DA:7,1
DA:11,0
DA:14,0
DA:18,0
DA:21,0
DA:25,0
DA:29,0
DA:33,3
DA:34,3
DA:38,0
DA:39,0
DA:43,0
DA:51,0
DA:55,0
DA:60,0
DA:64,0
DA:68,0
DA:72,0
DA:77,0
DA:81,0
DA:91,0
DA:96,0
DA:100,0
LF:23
LH:3
BRDA:6,0,0,1
BRDA:96,1,0,0
BRDA:96,1,1,0
BRF:3
BRH:1
end_of_record
TN:
SF:src/modules/users/service/user.js
FN:8,(anonymous_0)
FN:17,(anonymous_1)
FN:39,(anonymous_2)
FN:59,(anonymous_3)
FN:79,(anonymous_4)
FN:99,(anonymous_5)
FN:122,(anonymous_6)
FN:152,(anonymous_7)
FN:180,(anonymous_8)
FN:198,(anonymous_9)
FN:219,(anonymous_10)
FNF:11
FNH:3
FNDA:1,(anonymous_0)
FNDA:0,(anonymous_1)
FNDA:0,(anonymous_2)
FNDA:3,(anonymous_3)
FNDA:0,(anonymous_4)
FNDA:3,(anonymous_5)
FNDA:0,(anonymous_6)
FNDA:0,(anonymous_7)
FNDA:0,(anonymous_8)
FNDA:0,(anonymous_9)
FNDA:0,(anonymous_10)
DA:9,1
DA:14,1
DA:20,0
DA:21,0
DA:26,0
DA:27,0
DA:30,0
DA:32,0
DA:33,0
DA:36,0
DA:42,0
DA:43,0
DA:46,0
DA:49,0
DA:50,0
DA:52,0
DA:53,0
DA:56,0
DA:62,3
DA:63,3
DA:66,3
DA:69,3
DA:71,1
DA:72,1
DA:75,3
DA:82,0
DA:83,0
DA:86,0
DA:89,0
DA:91,0
DA:92,0
DA:95,0
DA:102,3
DA:105,3
DA:107,2
DA:108,0
DA:109,0
DA:110,0
DA:111,2
DA:112,1
DA:113,1
DA:114,1
DA:119,3
DA:125,0
DA:126,0
DA:129,0
DA:132,0
DA:133,0
DA:134,0
DA:138,0
DA:141,0
DA:142,0
DA:143,0
DA:147,0
DA:149,0
DA:155,0
DA:156,0
DA:159,0
DA:160,0
DA:163,0
DA:166,0
DA:169,0
DA:170,0
DA:172,0
DA:173,0
DA:176,0
DA:183,0
DA:184,0
DA:187,0
DA:189,0
DA:190,0
DA:191,0
DA:194,0
DA:201,0
DA:202,0
DA:205,0
DA:208,0
DA:209,0
DA:210,0
DA:212,0
DA:215,0
DA:222,0
DA:223,0
DA:226,0
DA:229,0
DA:231,0
LF:86
LH:17
BRDA:8,0,0,1
BRDA:8,1,0,1
BRDA:26,2,0,0
BRDA:26,2,1,0
BRDA:30,3,0,0
BRDA:30,3,1,0
BRDA:32,4,0,0
BRDA:32,4,1,0
BRDA:49,5,0,0
BRDA:49,5,1,0
BRDA:50,6,0,0
BRDA:50,6,1,0
BRDA:69,7,0,2
BRDA:69,7,1,1
BRDA:89,8,0,0
BRDA:89,8,1,0
BRDA:105,9,0,2
BRDA:105,9,1,1
BRDA:107,10,0,0
BRDA:107,10,1,2
BRDA:111,11,0,1
BRDA:111,11,1,1
BRDA:132,12,0,0
BRDA:132,12,1,0
BRDA:141,13,0,0
BRDA:141,13,1,0
BRDA:160,14,0,0
BRDA:160,14,1,0
BRDA:169,15,0,0
BRDA:169,15,1,0
BRDA:189,16,0,0
BRDA:189,16,1,0
BRDA:208,17,0,0
BRDA:208,17,1,0
BRF:34
BRH:9
end_of_record
